2017-48-09 17:48:48 DEBUG LoginServlet:78 = LoginServlet - init()
2017-55-09 17:55:32 INFO  AuthFilter:86 = Forwarding to login
2017-55-09 17:55:33 INFO  AuthFilter:86 = Forwarding to login
2017-56-09 17:56:11 INFO  AuthFilter:86 = Forwarding to login
2017-56-09 17:56:28 INFO  AuthFilter:86 = Forwarding to login
2017-56-09 17:56:36 INFO  AuthFilter:76 = Authenticating
2017-56-09 17:56:37 DEBUG EmployeeServlet:25 = - doGet
2017-03-09 18:03:02 DEBUG LoginServlet:78 = LoginServlet - init()
2017-03-09 18:03:14 DEBUG LoginServlet:78 = LoginServlet - init()
2017-03-09 18:03:25 DEBUG LoginServlet:78 = LoginServlet - init()
2017-06-09 18:06:00 DEBUG LoginServlet:78 = LoginServlet - init()
2017-09-09 18:09:06 INFO  AuthFilter:86 = Forwarding to login
2017-09-09 18:09:09 INFO  AuthFilter:76 = Authenticating
2017-09-09 18:09:09 DEBUG EmployeeServlet:30 = - doGet
2017-19-09 18:19:36 DEBUG EmployeeServlet:30 = - doGet
2017-41-09 18:41:57 DEBUG EmployeeServlet:30 = - doGet
2017-50-09 18:50:40 DEBUG EmployeeServlet:30 = - doGet
2017-07-09 19:07:38 DEBUG EmployeeServlet:30 = - doGet
2017-07-09 19:07:44 DEBUG EmployeeServlet:30 = - doGet
2017-08-09 19:08:07 DEBUG LogoutServlet:20 = LogoutServlet - doGet
2017-08-09 19:08:07 INFO  AuthFilter:76 = Authenticating
2017-08-09 19:08:07 INFO  AuthFilter:86 = Forwarding to login
2017-08-09 19:08:10 INFO  AuthFilter:76 = Authenticating
2017-08-09 19:08:10 DEBUG EmployeeServlet:30 = - doGet
2017-08-09 19:08:16 DEBUG LogoutServlet:20 = LogoutServlet - doGet
2017-08-09 19:08:16 INFO  AuthFilter:76 = Authenticating
2017-08-09 19:08:16 INFO  AuthFilter:86 = Forwarding to login
2017-08-09 19:08:21 INFO  AuthFilter:76 = Authenticating
2017-08-09 19:08:21 DEBUG ManagerServlet:27 = - doGet
2017-24-09 19:24:50 DEBUG NewRequestServlet:36 = - doGet
2017-32-09 19:32:05 DEBUG EmployeeServlet:30 = - doGet
2017-32-09 19:32:12 DEBUG LogoutServlet:20 = LogoutServlet - doGet
2017-32-09 19:32:12 INFO  AuthFilter:76 = Authenticating
2017-32-09 19:32:12 INFO  AuthFilter:86 = Forwarding to login
2017-32-09 19:32:15 INFO  AuthFilter:76 = Authenticating
2017-32-09 19:32:15 DEBUG ManagerServlet:27 = - doGet
2017-26-09 21:26:11 DEBUG LoginServlet:78 = LoginServlet - init()
2017-27-09 21:27:02 INFO  AuthFilter:86 = Forwarding to login
2017-27-09 21:27:07 INFO  AuthFilter:76 = Authenticating
2017-27-09 21:27:08 DEBUG ManagerServlet:27 = - doGet
2017-31-09 21:31:53 DEBUG ManagerServlet:27 = - doGet
2017-37-09 21:37:23 DEBUG ManagerServlet:27 = - doGet
2017-40-09 21:40:01 DEBUG ManagerServlet:27 = - doGet
2017-40-09 21:40:28 DEBUG ManagerServlet:27 = - doGet
2017-41-09 21:41:11 DEBUG ManagerServlet:27 = - doGet
2017-41-09 21:41:44 DEBUG ManagerServlet:27 = - doGet
2017-41-09 21:41:56 DEBUG LogoutServlet:20 = LogoutServlet - doGet
2017-41-09 21:41:56 INFO  AuthFilter:76 = Authenticating
2017-41-09 21:41:56 INFO  AuthFilter:86 = Forwarding to login
2017-42-09 21:42:02 INFO  AuthFilter:76 = Authenticating
2017-42-09 21:42:02 DEBUG EmployeeServlet:30 = - doGet
2017-43-09 21:43:06 DEBUG EmployeeServlet:30 = - doGet
2017-43-09 21:43:11 DEBUG EmployeeServlet:30 = - doGet
2017-43-09 21:43:14 DEBUG LogoutServlet:20 = LogoutServlet - doGet
2017-43-09 21:43:14 INFO  AuthFilter:76 = Authenticating
2017-43-09 21:43:14 INFO  AuthFilter:86 = Forwarding to login
2017-43-09 21:43:19 INFO  AuthFilter:76 = Authenticating
2017-43-09 21:43:20 DEBUG ManagerServlet:27 = - doGet
2017-43-09 21:43:47 DEBUG ManagerServlet:27 = - doGet
2017-44-09 21:44:39 DEBUG ManagerServlet:27 = - doGet
2017-48-09 21:48:51 DEBUG ManagerServlet:27 = - doGet
2017-54-09 21:54:10 DEBUG ManagerServlet:27 = - doGet
2017-54-09 21:54:49 DEBUG ManagerServlet:27 = - doGet
2017-55-09 21:55:22 DEBUG ManagerServlet:27 = - doGet
2017-55-09 21:55:28 DEBUG ManagerServlet:46 = - doPost
2017-56-09 21:56:50 DEBUG ManagerServlet:27 = - doGet
2017-57-09 21:57:20 DEBUG ManagerServlet:27 = - doGet
2017-57-09 21:57:45 DEBUG ManagerServlet:27 = - doGet
2017-58-09 21:58:03 DEBUG ManagerServlet:27 = - doGet
2017-58-09 21:58:47 DEBUG ManagerServlet:27 = - doGet
2017-59-09 21:59:06 DEBUG ManagerServlet:46 = - doPost
2017-59-09 21:59:06 DEBUG ManagerServlet:46 = - doPost
2017-59-09 21:59:08 DEBUG ManagerServlet:46 = - doPost
2017-59-09 21:59:09 DEBUG ManagerServlet:46 = - doPost
2017-59-09 21:59:09 DEBUG ManagerServlet:46 = - doPost
2017-59-09 21:59:10 DEBUG ManagerServlet:46 = - doPost
2017-00-09 22:00:13 DEBUG ManagerServlet:27 = - doGet
2017-00-09 22:00:37 DEBUG ManagerServlet:27 = - doGet
2017-00-09 22:00:41 DEBUG ManagerServlet:46 = - doPost
2017-03-09 22:03:33 DEBUG ManagerServlet:27 = - doGet
2017-03-09 22:03:38 DEBUG ManagerServlet:46 = - doPost
2017-07-09 22:07:51 DEBUG ManagerServlet:27 = - doGet
2017-07-09 22:07:56 DEBUG ManagerServlet:46 = - doPost
2017-08-09 22:08:07 DEBUG ManagerServlet:46 = - doPost
2017-08-09 23:08:16 INFO  AuthFilter:86 = Forwarding to login
2017-09-09 23:09:01 INFO  AuthFilter:76 = Authenticating
2017-09-09 23:09:01 DEBUG ManagerServlet:27 = - doGet
2017-09-09 23:09:25 DEBUG ManagerServlet:46 = - doPost
2017-10-09 23:10:35 DEBUG LoginServlet:78 = LoginServlet - init()
2017-10-09 23:10:56 DEBUG LoginServlet:78 = LoginServlet - init()
2017-11-09 23:11:01 INFO  AuthFilter:86 = Forwarding to login
2017-11-09 23:11:04 INFO  AuthFilter:76 = Authenticating
2017-11-09 23:11:04 DEBUG ManagerServlet:27 = - doGet
2017-11-09 23:11:07 DEBUG ManagerServlet:46 = - doPost
2017-12-09 23:12:04 DEBUG LoginServlet:78 = LoginServlet - init()
2017-12-09 23:12:07 INFO  AuthFilter:86 = Forwarding to login
2017-12-09 23:12:10 INFO  AuthFilter:76 = Authenticating
2017-12-09 23:12:11 DEBUG ManagerServlet:27 = - doGet
2017-12-09 23:12:14 DEBUG ManagerServlet:46 = - doPost
2017-16-09 23:16:46 DEBUG LoginServlet:78 = LoginServlet - init()
2017-16-09 23:16:54 DEBUG LoginServlet:78 = LoginServlet - init()
2017-42-09 23:42:10 INFO  AuthFilter:86 = Forwarding to login
2017-42-09 23:42:16 INFO  AuthFilter:76 = Authenticating
2017-42-09 23:42:16 DEBUG ManagerServlet:27 = - doGet
2017-42-09 23:42:18 DEBUG ManagerServlet:46 = - doPost
2017-43-09 23:43:24 DEBUG ManagerServlet:46 = - doPost
2017-46-09 23:46:37 DEBUG LoginServlet:78 = LoginServlet - init()
2017-46-09 23:46:49 DEBUG LoginServlet:78 = LoginServlet - init()
2017-47-09 23:47:25 INFO  AuthFilter:86 = Forwarding to login
2017-47-09 23:47:29 INFO  AuthFilter:76 = Authenticating
2017-47-09 23:47:29 DEBUG ManagerServlet:27 = - doGet
2017-47-09 23:47:31 DEBUG ManagerServlet:46 = - doPost
2017-52-09 23:52:15 DEBUG LoginServlet:78 = LoginServlet - init()
2017-52-09 23:52:19 INFO  AuthFilter:86 = Forwarding to login
2017-52-09 23:52:22 INFO  AuthFilter:76 = Authenticating
2017-52-09 23:52:23 DEBUG ManagerServlet:27 = - doGet
2017-52-09 23:52:26 DEBUG ManagerServlet:46 = - doPost
2017-53-09 23:53:09 DEBUG LoginServlet:78 = LoginServlet - init()
2017-57-09 23:57:08 DEBUG LoginServlet:78 = LoginServlet - init()
2017-58-09 23:58:34 INFO  AuthFilter:86 = Forwarding to login
2017-58-09 23:58:39 INFO  AuthFilter:76 = Authenticating
2017-58-09 23:58:39 DEBUG ManagerServlet:27 = - doGet
2017-58-09 23:58:42 DEBUG ManagerServlet:46 = - doPost
2017-59-09 23:59:20 DEBUG LoginServlet:78 = LoginServlet - init()
2017-59-09 23:59:25 INFO  AuthFilter:86 = Forwarding to login
2017-59-09 23:59:29 INFO  AuthFilter:76 = Authenticating
2017-59-09 23:59:29 DEBUG ManagerServlet:27 = - doGet
2017-59-09 23:59:34 DEBUG ManagerServlet:46 = - doPost
2017-00-10 00:00:25 DEBUG ManagerServlet:27 = - doGet
2017-00-10 00:00:29 DEBUG ManagerServlet:46 = - doPost
2017-02-10 00:02:36 DEBUG LoginServlet:78 = LoginServlet - init()
2017-13-10 00:13:15 DEBUG LoginServlet:78 = LoginServlet - init()
2017-13-10 00:13:26 DEBUG LoginServlet:78 = LoginServlet - init()
2017-14-10 00:14:18 DEBUG LoginServlet:78 = LoginServlet - init()
2017-14-10 00:14:40 DEBUG LoginServlet:78 = LoginServlet - init()
2017-15-10 00:15:21 DEBUG LoginServlet:78 = LoginServlet - init()
2017-15-10 00:15:32 DEBUG LoginServlet:78 = LoginServlet - init()
2017-15-10 00:15:54 DEBUG LoginServlet:78 = LoginServlet - init()
2017-17-10 00:17:17 DEBUG LoginServlet:78 = LoginServlet - init()
2017-17-10 00:17:28 DEBUG LoginServlet:78 = LoginServlet - init()
2017-20-10 00:20:55 DEBUG LoginServlet:78 = LoginServlet - init()
2017-21-10 00:21:06 DEBUG LoginServlet:78 = LoginServlet - init()
2017-38-10 00:38:29 DEBUG LoginServlet:78 = LoginServlet - init()
2017-39-10 00:39:01 DEBUG LoginServlet:78 = LoginServlet - init()
2017-43-10 00:43:32 DEBUG LoginServlet:78 = LoginServlet - init()
2017-43-10 00:43:44 INFO  AuthFilter:86 = Forwarding to login
2017-43-10 00:43:51 INFO  AuthFilter:76 = Authenticating
2017-43-10 00:43:52 DEBUG ManagerServlet:30 = - doGet
2017-44-10 00:44:02 DEBUG ManagerServlet:48 = - doPost
2017-56-10 00:56:47 DEBUG LoginServlet:78 = LoginServlet - init()
2017-57-10 00:57:29 DEBUG LoginServlet:78 = LoginServlet - init()
2017-59-10 00:59:12 DEBUG LoginServlet:78 = LoginServlet - init()
2017-59-10 00:59:23 DEBUG LoginServlet:78 = LoginServlet - init()
2017-59-10 00:59:45 DEBUG LoginServlet:78 = LoginServlet - init()
2017-00-10 01:00:37 DEBUG LoginServlet:78 = LoginServlet - init()
2017-01-10 01:01:39 DEBUG LoginServlet:78 = LoginServlet - init()
2017-04-10 01:04:25 DEBUG LoginServlet:78 = LoginServlet - init()
2017-04-10 01:04:56 DEBUG LoginServlet:78 = LoginServlet - init()
2017-05-10 01:05:10 DEBUG LoginServlet:78 = LoginServlet - init()
2017-05-10 01:05:46 DEBUG ManagerServlet:48 = - doPost
2017-05-10 01:05:53 INFO  AuthFilter:86 = Forwarding to login
2017-05-10 01:05:59 INFO  AuthFilter:76 = Authenticating
2017-06-10 01:06:00 DEBUG ManagerServlet:30 = - doGet
2017-06-10 01:06:02 DEBUG ManagerServlet:48 = - doPost
2017-06-10 01:06:36 DEBUG LoginServlet:78 = LoginServlet - init()
2017-06-10 01:06:47 DEBUG LoginServlet:78 = LoginServlet - init()
2017-13-10 01:13:19 DEBUG LoginServlet:78 = LoginServlet - init()
2017-13-10 01:13:30 DEBUG LoginServlet:78 = LoginServlet - init()
2017-13-10 01:13:41 DEBUG LoginServlet:78 = LoginServlet - init()
2017-13-10 01:13:52 DEBUG LoginServlet:78 = LoginServlet - init()
2017-14-10 01:14:34 DEBUG LoginServlet:78 = LoginServlet - init()
2017-15-10 01:15:26 DEBUG LoginServlet:78 = LoginServlet - init()
2017-15-10 01:15:57 DEBUG LoginServlet:78 = LoginServlet - init()
2017-16-10 01:16:08 DEBUG LoginServlet:78 = LoginServlet - init()
2017-16-10 01:16:50 DEBUG LoginServlet:78 = LoginServlet - init()
2017-17-10 01:17:22 DEBUG LoginServlet:78 = LoginServlet - init()
2017-17-10 01:17:43 DEBUG LoginServlet:78 = LoginServlet - init()
2017-18-10 01:18:56 DEBUG LoginServlet:78 = LoginServlet - init()
2017-23-10 01:23:34 DEBUG LoginServlet:78 = LoginServlet - init()
2017-23-10 01:23:43 INFO  AuthFilter:86 = Forwarding to login
2017-23-10 01:23:49 INFO  AuthFilter:76 = Authenticating
2017-23-10 01:23:50 DEBUG ManagerServlet:30 = - doGet
2017-23-10 01:23:53 DEBUG ManagerServlet:48 = - doPost
2017-23-10 01:23:53 ERROR LoginServlet:343 = Unable to update reimbursement request
2017-27-10 01:27:59 DEBUG LoginServlet:78 = LoginServlet - init()
2017-28-10 01:28:03 INFO  AuthFilter:86 = Forwarding to login
2017-28-10 01:28:07 INFO  AuthFilter:76 = Authenticating
2017-28-10 01:28:07 DEBUG ManagerServlet:30 = - doGet
2017-28-10 01:28:10 DEBUG ManagerServlet:48 = - doPost
2017-29-10 01:29:09 DEBUG ManagerServlet:30 = - doGet
2017-30-10 01:30:04 DEBUG ManagerServlet:48 = - doPost
2017-30-10 01:30:09 DEBUG ManagerServlet:48 = - doPost
2017-31-10 01:31:04 DEBUG LoginServlet:78 = LoginServlet - init()
2017-32-10 01:32:51 DEBUG LoginServlet:78 = LoginServlet - init()
2017-33-10 01:33:01 INFO  AuthFilter:86 = Forwarding to login
2017-33-10 01:33:07 INFO  AuthFilter:76 = Authenticating
2017-33-10 01:33:07 DEBUG ManagerServlet:30 = - doGet
2017-33-10 01:33:10 DEBUG ManagerServlet:48 = - doPost
2017-36-10 01:36:33 DEBUG ManagerServlet:30 = - doGet
2017-36-10 01:36:39 DEBUG ManagerServlet:48 = - doPost
2017-36-10 01:36:56 DEBUG ManagerServlet:30 = - doGet
2017-36-10 01:36:57 DEBUG ManagerServlet:30 = - doGet
2017-36-10 01:36:59 DEBUG ManagerServlet:30 = - doGet
2017-37-10 01:37:00 DEBUG ManagerServlet:30 = - doGet
2017-37-10 01:37:01 DEBUG ManagerServlet:30 = - doGet
2017-37-10 01:37:02 DEBUG ManagerServlet:30 = - doGet
2017-37-10 01:37:03 DEBUG ManagerServlet:30 = - doGet
2017-37-10 01:37:05 DEBUG ManagerServlet:30 = - doGet
2017-37-10 01:37:06 DEBUG ManagerServlet:30 = - doGet
2017-38-10 01:38:21 DEBUG ManagerServlet:30 = - doGet
2017-38-10 01:38:22 DEBUG ManagerServlet:30 = - doGet
2017-38-10 01:38:23 DEBUG ManagerServlet:30 = - doGet
2017-38-10 01:38:24 DEBUG ManagerServlet:30 = - doGet
2017-38-10 01:38:25 DEBUG ManagerServlet:30 = - doGet
2017-38-10 01:38:27 DEBUG ManagerServlet:30 = - doGet
2017-38-10 01:38:28 DEBUG ManagerServlet:30 = - doGet
2017-38-10 01:38:29 DEBUG ManagerServlet:30 = - doGet
2017-38-10 01:38:29 DEBUG ManagerServlet:30 = - doGet
2017-38-10 01:38:31 DEBUG ManagerServlet:30 = - doGet
2017-38-10 01:38:32 DEBUG ManagerServlet:30 = - doGet
2017-38-10 01:38:33 DEBUG ManagerServlet:30 = - doGet
2017-38-10 01:38:34 DEBUG ManagerServlet:30 = - doGet
2017-38-10 01:38:35 DEBUG ManagerServlet:30 = - doGet
2017-38-10 01:38:36 DEBUG ManagerServlet:30 = - doGet
2017-39-10 01:39:52 DEBUG LoginServlet:78 = LoginServlet - init()
2017-40-10 01:40:03 DEBUG LoginServlet:78 = LoginServlet - init()
2017-40-10 01:40:24 DEBUG LoginServlet:78 = LoginServlet - init()
2017-40-10 01:40:36 DEBUG LoginServlet:78 = LoginServlet - init()
2017-40-10 01:40:39 INFO  AuthFilter:86 = Forwarding to login
2017-40-10 01:40:42 INFO  AuthFilter:76 = Authenticating
2017-40-10 01:40:42 DEBUG ManagerServlet:31 = - doGet
2017-40-10 01:40:44 DEBUG ManagerServlet:31 = - doGet
2017-40-10 01:40:45 DEBUG ManagerServlet:31 = - doGet
2017-40-10 01:40:46 DEBUG ManagerServlet:31 = - doGet
2017-40-10 01:40:47 DEBUG ManagerServlet:49 = - doPost
2017-40-10 01:40:47 DEBUG ManagerServlet:31 = - doGet
2017-40-10 01:40:48 DEBUG ManagerServlet:49 = - doPost
2017-40-10 01:40:48 DEBUG ManagerServlet:49 = - doPost
2017-40-10 01:40:48 DEBUG ManagerServlet:49 = - doPost
2017-40-10 01:40:48 DEBUG ManagerServlet:49 = - doPost
2017-40-10 01:40:48 DEBUG ManagerServlet:49 = - doPost
2017-40-10 01:40:48 DEBUG ManagerServlet:49 = - doPost
2017-40-10 01:40:48 DEBUG ManagerServlet:49 = - doPost
2017-40-10 01:40:48 DEBUG ManagerServlet:49 = - doPost
2017-40-10 01:40:48 DEBUG ManagerServlet:49 = - doPost
2017-40-10 01:40:48 DEBUG ManagerServlet:49 = - doPost
2017-40-10 01:40:48 DEBUG ManagerServlet:49 = - doPost
2017-40-10 01:40:48 DEBUG ManagerServlet:49 = - doPost
2017-40-10 01:40:48 DEBUG ManagerServlet:49 = - doPost
2017-40-10 01:40:48 DEBUG ManagerServlet:49 = - doPost
2017-40-10 01:40:48 DEBUG ManagerServlet:49 = - doPost
2017-40-10 01:40:48 DEBUG ManagerServlet:49 = - doPost
2017-40-10 01:40:48 DEBUG ManagerServlet:49 = - doPost
2017-40-10 01:40:48 DEBUG ManagerServlet:49 = - doPost
2017-40-10 01:40:48 DEBUG ManagerServlet:49 = - doPost
2017-40-10 01:40:48 DEBUG ManagerServlet:49 = - doPost
2017-40-10 01:40:48 DEBUG ManagerServlet:49 = - doPost
2017-40-10 01:40:48 DEBUG ManagerServlet:49 = - doPost
2017-40-10 01:40:48 DEBUG ManagerServlet:49 = - doPost
2017-40-10 01:40:48 DEBUG ManagerServlet:49 = - doPost
2017-40-10 01:40:48 DEBUG ManagerServlet:49 = - doPost
2017-40-10 01:40:48 DEBUG ManagerServlet:49 = - doPost
2017-40-10 01:40:48 DEBUG ManagerServlet:49 = - doPost
2017-40-10 01:40:48 DEBUG ManagerServlet:49 = - doPost
2017-40-10 01:40:48 DEBUG ManagerServlet:49 = - doPost
2017-40-10 01:40:49 DEBUG ManagerServlet:49 = - doPost
2017-40-10 01:40:49 DEBUG ManagerServlet:49 = - doPost
2017-40-10 01:40:49 DEBUG ManagerServlet:49 = - doPost
2017-40-10 01:40:49 DEBUG ManagerServlet:49 = - doPost
2017-40-10 01:40:49 DEBUG ManagerServlet:49 = - doPost
2017-40-10 01:40:49 DEBUG ManagerServlet:49 = - doPost
2017-40-10 01:40:49 DEBUG ManagerServlet:49 = - doPost
2017-40-10 01:40:49 DEBUG ManagerServlet:49 = - doPost
2017-40-10 01:40:49 DEBUG ManagerServlet:49 = - doPost
2017-40-10 01:40:49 DEBUG ManagerServlet:49 = - doPost
2017-40-10 01:40:49 DEBUG ManagerServlet:49 = - doPost
2017-40-10 01:40:49 DEBUG ManagerServlet:49 = - doPost
2017-40-10 01:40:49 DEBUG ManagerServlet:49 = - doPost
2017-40-10 01:40:49 DEBUG ManagerServlet:49 = - doPost
2017-40-10 01:40:49 DEBUG ManagerServlet:49 = - doPost
2017-40-10 01:40:49 DEBUG ManagerServlet:49 = - doPost
2017-40-10 01:40:49 DEBUG ManagerServlet:49 = - doPost
2017-40-10 01:40:49 DEBUG ManagerServlet:49 = - doPost
2017-40-10 01:40:49 DEBUG ManagerServlet:49 = - doPost
2017-40-10 01:40:49 DEBUG ManagerServlet:49 = - doPost
2017-40-10 01:40:49 DEBUG ManagerServlet:31 = - doGet
2017-40-10 01:40:49 DEBUG ManagerServlet:49 = - doPost
2017-40-10 01:40:49 DEBUG ManagerServlet:49 = - doPost
2017-40-10 01:40:49 DEBUG ManagerServlet:49 = - doPost
2017-40-10 01:40:49 DEBUG ManagerServlet:49 = - doPost
2017-40-10 01:40:50 DEBUG ManagerServlet:49 = - doPost
2017-40-10 01:40:50 DEBUG ManagerServlet:49 = - doPost
2017-40-10 01:40:50 DEBUG ManagerServlet:49 = - doPost
2017-40-10 01:40:50 DEBUG ManagerServlet:49 = - doPost
2017-40-10 01:40:50 DEBUG ManagerServlet:49 = - doPost
2017-40-10 01:40:50 DEBUG ManagerServlet:49 = - doPost
2017-40-10 01:40:50 DEBUG ManagerServlet:49 = - doPost
2017-40-10 01:40:50 DEBUG ManagerServlet:49 = - doPost
2017-40-10 01:40:50 DEBUG ManagerServlet:49 = - doPost
2017-40-10 01:40:50 DEBUG ManagerServlet:49 = - doPost
2017-40-10 01:40:50 DEBUG ManagerServlet:49 = - doPost
2017-40-10 01:40:50 DEBUG ManagerServlet:49 = - doPost
2017-40-10 01:40:50 DEBUG ManagerServlet:49 = - doPost
2017-40-10 01:40:50 DEBUG ManagerServlet:49 = - doPost
2017-40-10 01:40:50 DEBUG ManagerServlet:49 = - doPost
2017-40-10 01:40:50 DEBUG ManagerServlet:49 = - doPost
2017-40-10 01:40:50 DEBUG ManagerServlet:49 = - doPost
2017-40-10 01:40:50 DEBUG ManagerServlet:49 = - doPost
2017-40-10 01:40:50 DEBUG ManagerServlet:49 = - doPost
2017-40-10 01:40:50 DEBUG ManagerServlet:49 = - doPost
2017-40-10 01:40:50 DEBUG ManagerServlet:49 = - doPost
2017-40-10 01:40:50 DEBUG ManagerServlet:49 = - doPost
2017-40-10 01:40:50 DEBUG ManagerServlet:49 = - doPost
2017-40-10 01:40:50 DEBUG ManagerServlet:49 = - doPost
2017-40-10 01:40:50 DEBUG ManagerServlet:49 = - doPost
2017-40-10 01:40:50 DEBUG ManagerServlet:49 = - doPost
2017-40-10 01:40:51 DEBUG ManagerServlet:49 = - doPost
2017-40-10 01:40:51 DEBUG ManagerServlet:49 = - doPost
2017-40-10 01:40:51 DEBUG ManagerServlet:49 = - doPost
2017-40-10 01:40:51 DEBUG ManagerServlet:49 = - doPost
2017-40-10 01:40:51 DEBUG ManagerServlet:49 = - doPost
2017-40-10 01:40:51 DEBUG ManagerServlet:49 = - doPost
2017-40-10 01:40:51 ERROR LoginServlet:343 = Unable to update reimbursement request
2017-40-10 01:40:51 DEBUG ManagerServlet:49 = - doPost
2017-40-10 01:40:51 ERROR LoginServlet:343 = Unable to update reimbursement request
2017-40-10 01:40:51 DEBUG ManagerServlet:31 = - doGet
2017-40-10 01:40:51 ERROR LoginServlet:314 = Unable to retrieve expense reimburstments from db.
2017-40-10 01:40:51 DEBUG ManagerServlet:49 = - doPost
2017-40-10 01:40:51 DEBUG ManagerServlet:49 = - doPost
2017-40-10 01:40:52 DEBUG ManagerServlet:49 = - doPost
2017-40-10 01:40:52 DEBUG ManagerServlet:49 = - doPost
2017-40-10 01:40:52 DEBUG ManagerServlet:49 = - doPost
2017-40-10 01:40:52 DEBUG ManagerServlet:49 = - doPost
2017-40-10 01:40:52 DEBUG ManagerServlet:49 = - doPost
2017-40-10 01:40:52 DEBUG ManagerServlet:49 = - doPost
2017-40-10 01:40:52 DEBUG ManagerServlet:49 = - doPost
2017-40-10 01:40:52 DEBUG ManagerServlet:49 = - doPost
2017-40-10 01:40:52 DEBUG ManagerServlet:49 = - doPost
2017-40-10 01:40:52 DEBUG ManagerServlet:49 = - doPost
2017-40-10 01:40:52 DEBUG ManagerServlet:49 = - doPost
2017-40-10 01:40:52 DEBUG ManagerServlet:49 = - doPost
2017-40-10 01:40:52 DEBUG ManagerServlet:49 = - doPost
2017-40-10 01:40:52 DEBUG ManagerServlet:49 = - doPost
2017-40-10 01:40:52 DEBUG ManagerServlet:49 = - doPost
2017-40-10 01:40:52 DEBUG ManagerServlet:49 = - doPost
2017-40-10 01:40:52 DEBUG ManagerServlet:49 = - doPost
2017-40-10 01:40:52 DEBUG ManagerServlet:49 = - doPost
2017-40-10 01:40:52 DEBUG ManagerServlet:49 = - doPost
2017-40-10 01:40:52 DEBUG ManagerServlet:49 = - doPost
2017-40-10 01:40:52 DEBUG ManagerServlet:49 = - doPost
2017-40-10 01:40:52 DEBUG ManagerServlet:49 = - doPost
2017-40-10 01:40:52 DEBUG ManagerServlet:49 = - doPost
2017-40-10 01:40:52 DEBUG ManagerServlet:49 = - doPost
2017-40-10 01:40:52 DEBUG ManagerServlet:49 = - doPost
2017-40-10 01:40:52 DEBUG ManagerServlet:49 = - doPost
2017-40-10 01:40:52 DEBUG ManagerServlet:49 = - doPost
2017-40-10 01:40:52 DEBUG ManagerServlet:49 = - doPost
2017-40-10 01:40:52 DEBUG ManagerServlet:49 = - doPost
2017-40-10 01:40:52 DEBUG ManagerServlet:49 = - doPost
2017-40-10 01:40:52 DEBUG ManagerServlet:49 = - doPost
2017-40-10 01:40:52 DEBUG ManagerServlet:49 = - doPost
2017-40-10 01:40:52 DEBUG ManagerServlet:49 = - doPost
2017-40-10 01:40:52 DEBUG ManagerServlet:49 = - doPost
2017-40-10 01:40:52 DEBUG ManagerServlet:49 = - doPost
2017-40-10 01:40:52 DEBUG ManagerServlet:49 = - doPost
2017-40-10 01:40:52 DEBUG ManagerServlet:49 = - doPost
2017-40-10 01:40:52 DEBUG ManagerServlet:49 = - doPost
2017-40-10 01:40:52 DEBUG ManagerServlet:49 = - doPost
2017-40-10 01:40:52 DEBUG ManagerServlet:49 = - doPost
2017-40-10 01:40:52 DEBUG ManagerServlet:49 = - doPost
2017-40-10 01:40:53 DEBUG ManagerServlet:49 = - doPost
2017-40-10 01:40:53 DEBUG ManagerServlet:49 = - doPost
2017-40-10 01:40:53 DEBUG ManagerServlet:49 = - doPost
2017-40-10 01:40:53 DEBUG ManagerServlet:49 = - doPost
2017-40-10 01:40:53 DEBUG ManagerServlet:49 = - doPost
2017-40-10 01:40:53 DEBUG ManagerServlet:49 = - doPost
2017-40-10 01:40:53 DEBUG ManagerServlet:49 = - doPost
2017-40-10 01:40:53 DEBUG ManagerServlet:49 = - doPost
2017-40-10 01:40:53 DEBUG ManagerServlet:49 = - doPost
2017-40-10 01:40:53 DEBUG ManagerServlet:49 = - doPost
2017-40-10 01:40:53 DEBUG ManagerServlet:49 = - doPost
2017-40-10 01:40:53 DEBUG ManagerServlet:49 = - doPost
2017-40-10 01:40:53 DEBUG ManagerServlet:49 = - doPost
2017-40-10 01:40:53 DEBUG ManagerServlet:49 = - doPost
2017-40-10 01:40:53 DEBUG ManagerServlet:49 = - doPost
2017-40-10 01:40:53 DEBUG ManagerServlet:49 = - doPost
2017-40-10 01:40:53 DEBUG ManagerServlet:49 = - doPost
2017-40-10 01:40:53 DEBUG ManagerServlet:49 = - doPost
2017-40-10 01:40:53 DEBUG ManagerServlet:49 = - doPost
2017-40-10 01:40:53 DEBUG ManagerServlet:49 = - doPost
2017-40-10 01:40:53 DEBUG ManagerServlet:49 = - doPost
2017-40-10 01:40:53 DEBUG ManagerServlet:49 = - doPost
2017-40-10 01:40:53 DEBUG ManagerServlet:49 = - doPost
2017-40-10 01:40:53 DEBUG ManagerServlet:49 = - doPost
2017-40-10 01:40:53 DEBUG ManagerServlet:49 = - doPost
2017-40-10 01:40:53 DEBUG ManagerServlet:49 = - doPost
2017-40-10 01:40:53 DEBUG ManagerServlet:49 = - doPost
2017-40-10 01:40:53 DEBUG ManagerServlet:49 = - doPost
2017-40-10 01:40:53 ERROR LoginServlet:343 = Unable to update reimbursement request
2017-40-10 01:40:54 DEBUG ManagerServlet:49 = - doPost
2017-40-10 01:40:54 ERROR LoginServlet:343 = Unable to update reimbursement request
2017-40-10 01:40:54 DEBUG ManagerServlet:49 = - doPost
2017-40-10 01:40:54 ERROR LoginServlet:343 = Unable to update reimbursement request
2017-40-10 01:40:54 DEBUG ManagerServlet:49 = - doPost
2017-40-10 01:40:54 ERROR LoginServlet:343 = Unable to update reimbursement request
2017-40-10 01:40:54 DEBUG ManagerServlet:49 = - doPost
2017-40-10 01:40:54 ERROR LoginServlet:343 = Unable to update reimbursement request
2017-40-10 01:40:54 DEBUG ManagerServlet:49 = - doPost
2017-40-10 01:40:54 ERROR LoginServlet:343 = Unable to update reimbursement request
2017-40-10 01:40:54 DEBUG ManagerServlet:49 = - doPost
2017-40-10 01:40:54 ERROR LoginServlet:343 = Unable to update reimbursement request
2017-40-10 01:40:54 DEBUG ManagerServlet:49 = - doPost
2017-40-10 01:40:54 ERROR LoginServlet:343 = Unable to update reimbursement request
2017-40-10 01:40:54 DEBUG ManagerServlet:49 = - doPost
2017-40-10 01:40:54 ERROR LoginServlet:343 = Unable to update reimbursement request
2017-40-10 01:40:54 DEBUG ManagerServlet:49 = - doPost
2017-40-10 01:40:54 ERROR LoginServlet:343 = Unable to update reimbursement request
2017-40-10 01:40:54 DEBUG ManagerServlet:49 = - doPost
2017-40-10 01:40:54 DEBUG ManagerServlet:49 = - doPost
2017-40-10 01:40:54 DEBUG ManagerServlet:49 = - doPost
2017-40-10 01:40:54 DEBUG ManagerServlet:49 = - doPost
2017-40-10 01:40:54 DEBUG ManagerServlet:49 = - doPost
2017-40-10 01:40:54 DEBUG ManagerServlet:49 = - doPost
2017-40-10 01:40:54 DEBUG ManagerServlet:49 = - doPost
2017-40-10 01:40:55 DEBUG ManagerServlet:49 = - doPost
2017-40-10 01:40:55 DEBUG ManagerServlet:49 = - doPost
2017-40-10 01:40:55 DEBUG ManagerServlet:49 = - doPost
2017-40-10 01:40:55 DEBUG ManagerServlet:49 = - doPost
2017-40-10 01:40:55 DEBUG ManagerServlet:49 = - doPost
2017-40-10 01:40:55 DEBUG ManagerServlet:49 = - doPost
2017-40-10 01:40:55 DEBUG ManagerServlet:49 = - doPost
2017-40-10 01:40:55 DEBUG ManagerServlet:49 = - doPost
2017-40-10 01:40:55 DEBUG ManagerServlet:49 = - doPost
2017-40-10 01:40:55 DEBUG ManagerServlet:49 = - doPost
2017-40-10 01:40:55 DEBUG ManagerServlet:49 = - doPost
2017-40-10 01:40:55 DEBUG ManagerServlet:49 = - doPost
2017-40-10 01:40:55 DEBUG ManagerServlet:49 = - doPost
2017-40-10 01:40:55 DEBUG ManagerServlet:49 = - doPost
2017-40-10 01:40:55 DEBUG ManagerServlet:49 = - doPost
2017-40-10 01:40:55 DEBUG ManagerServlet:49 = - doPost
2017-40-10 01:40:55 DEBUG ManagerServlet:49 = - doPost
2017-40-10 01:40:55 DEBUG ManagerServlet:49 = - doPost
2017-40-10 01:40:55 DEBUG ManagerServlet:49 = - doPost
2017-40-10 01:40:55 DEBUG ManagerServlet:49 = - doPost
2017-40-10 01:40:55 DEBUG ManagerServlet:49 = - doPost
2017-40-10 01:40:55 DEBUG ManagerServlet:49 = - doPost
2017-40-10 01:40:55 DEBUG ManagerServlet:49 = - doPost
2017-40-10 01:40:55 DEBUG ManagerServlet:49 = - doPost
2017-40-10 01:40:55 DEBUG ManagerServlet:49 = - doPost
2017-40-10 01:40:55 DEBUG ManagerServlet:49 = - doPost
2017-40-10 01:40:55 DEBUG ManagerServlet:49 = - doPost
2017-40-10 01:40:55 DEBUG ManagerServlet:49 = - doPost
2017-40-10 01:40:55 DEBUG ManagerServlet:49 = - doPost
2017-40-10 01:40:55 DEBUG ManagerServlet:49 = - doPost
2017-40-10 01:40:55 DEBUG ManagerServlet:49 = - doPost
2017-40-10 01:40:55 DEBUG ManagerServlet:49 = - doPost
2017-40-10 01:40:55 DEBUG ManagerServlet:49 = - doPost
2017-40-10 01:40:55 DEBUG ManagerServlet:49 = - doPost
2017-40-10 01:40:56 DEBUG ManagerServlet:49 = - doPost
2017-40-10 01:40:56 DEBUG ManagerServlet:49 = - doPost
2017-40-10 01:40:56 DEBUG ManagerServlet:49 = - doPost
2017-40-10 01:40:56 DEBUG ManagerServlet:49 = - doPost
2017-40-10 01:40:56 DEBUG ManagerServlet:49 = - doPost
2017-40-10 01:40:56 DEBUG ManagerServlet:49 = - doPost
2017-40-10 01:40:56 DEBUG ManagerServlet:49 = - doPost
2017-40-10 01:40:56 DEBUG ManagerServlet:49 = - doPost
2017-40-10 01:40:56 DEBUG ManagerServlet:49 = - doPost
2017-40-10 01:40:56 DEBUG ManagerServlet:49 = - doPost
2017-40-10 01:40:56 DEBUG ManagerServlet:49 = - doPost
2017-40-10 01:40:56 DEBUG ManagerServlet:49 = - doPost
2017-40-10 01:40:56 DEBUG ManagerServlet:49 = - doPost
2017-40-10 01:40:56 DEBUG ManagerServlet:49 = - doPost
2017-40-10 01:40:56 DEBUG ManagerServlet:49 = - doPost
2017-40-10 01:40:56 DEBUG ManagerServlet:49 = - doPost
2017-40-10 01:40:56 DEBUG ManagerServlet:49 = - doPost
2017-40-10 01:40:56 DEBUG ManagerServlet:49 = - doPost
2017-40-10 01:40:56 DEBUG ManagerServlet:49 = - doPost
2017-40-10 01:40:56 DEBUG ManagerServlet:49 = - doPost
2017-40-10 01:40:56 DEBUG ManagerServlet:49 = - doPost
2017-40-10 01:40:56 DEBUG ManagerServlet:49 = - doPost
2017-40-10 01:40:56 DEBUG ManagerServlet:49 = - doPost
2017-40-10 01:40:56 DEBUG ManagerServlet:49 = - doPost
2017-40-10 01:40:56 DEBUG ManagerServlet:49 = - doPost
2017-40-10 01:40:56 DEBUG ManagerServlet:49 = - doPost
2017-40-10 01:40:56 DEBUG ManagerServlet:49 = - doPost
2017-40-10 01:40:56 DEBUG ManagerServlet:49 = - doPost
2017-40-10 01:40:56 DEBUG ManagerServlet:49 = - doPost
2017-40-10 01:40:56 DEBUG ManagerServlet:49 = - doPost
2017-40-10 01:40:56 ERROR LoginServlet:343 = Unable to update reimbursement request
2017-40-10 01:40:57 DEBUG ManagerServlet:49 = - doPost
2017-40-10 01:40:57 ERROR LoginServlet:343 = Unable to update reimbursement request
2017-40-10 01:40:57 DEBUG ManagerServlet:49 = - doPost
2017-40-10 01:40:57 ERROR LoginServlet:343 = Unable to update reimbursement request
2017-40-10 01:40:57 DEBUG ManagerServlet:49 = - doPost
2017-40-10 01:40:57 ERROR LoginServlet:343 = Unable to update reimbursement request
2017-40-10 01:40:57 DEBUG ManagerServlet:49 = - doPost
2017-40-10 01:40:57 ERROR LoginServlet:343 = Unable to update reimbursement request
2017-40-10 01:40:57 DEBUG ManagerServlet:49 = - doPost
2017-40-10 01:40:57 ERROR LoginServlet:343 = Unable to update reimbursement request
2017-40-10 01:40:57 DEBUG ManagerServlet:49 = - doPost
2017-40-10 01:40:57 ERROR LoginServlet:343 = Unable to update reimbursement request
2017-40-10 01:40:57 DEBUG ManagerServlet:49 = - doPost
2017-40-10 01:40:57 ERROR LoginServlet:343 = Unable to update reimbursement request
2017-40-10 01:40:57 DEBUG ManagerServlet:49 = - doPost
2017-40-10 01:40:57 ERROR LoginServlet:343 = Unable to update reimbursement request
2017-40-10 01:40:57 DEBUG ManagerServlet:49 = - doPost
2017-40-10 01:40:57 DEBUG ManagerServlet:49 = - doPost
2017-40-10 01:40:57 DEBUG ManagerServlet:49 = - doPost
2017-40-10 01:40:57 DEBUG ManagerServlet:49 = - doPost
2017-40-10 01:40:57 DEBUG ManagerServlet:49 = - doPost
2017-40-10 01:40:57 DEBUG ManagerServlet:49 = - doPost
2017-40-10 01:40:57 DEBUG ManagerServlet:49 = - doPost
2017-40-10 01:40:57 DEBUG ManagerServlet:49 = - doPost
2017-40-10 01:40:57 DEBUG ManagerServlet:49 = - doPost
2017-40-10 01:40:57 DEBUG ManagerServlet:49 = - doPost
2017-40-10 01:40:58 DEBUG ManagerServlet:49 = - doPost
2017-40-10 01:40:58 DEBUG ManagerServlet:49 = - doPost
2017-40-10 01:40:58 DEBUG ManagerServlet:49 = - doPost
2017-40-10 01:40:58 DEBUG ManagerServlet:49 = - doPost
2017-40-10 01:40:58 DEBUG ManagerServlet:49 = - doPost
2017-40-10 01:40:58 DEBUG ManagerServlet:49 = - doPost
2017-40-10 01:40:58 DEBUG ManagerServlet:49 = - doPost
2017-40-10 01:40:58 DEBUG ManagerServlet:49 = - doPost
2017-40-10 01:40:58 DEBUG ManagerServlet:49 = - doPost
2017-40-10 01:40:58 DEBUG ManagerServlet:49 = - doPost
2017-40-10 01:40:58 DEBUG ManagerServlet:49 = - doPost
2017-40-10 01:40:58 DEBUG ManagerServlet:49 = - doPost
2017-41-10 01:41:25 DEBUG LoginServlet:78 = LoginServlet - init()
2017-41-10 01:41:25 INFO  AuthFilter:86 = Forwarding to login
2017-41-10 01:41:29 INFO  AuthFilter:76 = Authenticating
2017-41-10 01:41:30 DEBUG ManagerServlet:31 = - doGet
2017-41-10 01:41:36 DEBUG ManagerServlet:49 = - doPost
2017-41-10 01:41:36 DEBUG ManagerServlet:49 = - doPost
2017-41-10 01:41:37 DEBUG ManagerServlet:49 = - doPost
2017-41-10 01:41:37 DEBUG ManagerServlet:49 = - doPost
2017-41-10 01:41:37 DEBUG ManagerServlet:49 = - doPost
2017-41-10 01:41:37 DEBUG ManagerServlet:49 = - doPost
2017-41-10 01:41:37 DEBUG ManagerServlet:49 = - doPost
2017-41-10 01:41:37 DEBUG ManagerServlet:49 = - doPost
2017-41-10 01:41:37 DEBUG ManagerServlet:49 = - doPost
2017-41-10 01:41:37 DEBUG ManagerServlet:49 = - doPost
2017-41-10 01:41:37 DEBUG ManagerServlet:49 = - doPost
2017-41-10 01:41:37 DEBUG ManagerServlet:49 = - doPost
2017-41-10 01:41:37 DEBUG ManagerServlet:49 = - doPost
2017-41-10 01:41:37 DEBUG ManagerServlet:49 = - doPost
2017-41-10 01:41:37 DEBUG ManagerServlet:49 = - doPost
2017-41-10 01:41:37 DEBUG ManagerServlet:49 = - doPost
2017-41-10 01:41:37 DEBUG ManagerServlet:49 = - doPost
2017-41-10 01:41:37 DEBUG ManagerServlet:49 = - doPost
2017-41-10 01:41:37 DEBUG ManagerServlet:49 = - doPost
2017-41-10 01:41:37 DEBUG ManagerServlet:49 = - doPost
2017-41-10 01:41:37 DEBUG ManagerServlet:49 = - doPost
2017-41-10 01:41:37 DEBUG ManagerServlet:49 = - doPost
2017-41-10 01:41:37 DEBUG ManagerServlet:49 = - doPost
2017-41-10 01:41:37 DEBUG ManagerServlet:49 = - doPost
2017-41-10 01:41:37 DEBUG ManagerServlet:49 = - doPost
2017-41-10 01:41:37 DEBUG ManagerServlet:49 = - doPost
2017-41-10 01:41:37 DEBUG ManagerServlet:49 = - doPost
2017-41-10 01:41:37 DEBUG ManagerServlet:49 = - doPost
2017-41-10 01:41:37 DEBUG ManagerServlet:49 = - doPost
2017-41-10 01:41:37 DEBUG ManagerServlet:49 = - doPost
2017-41-10 01:41:37 DEBUG ManagerServlet:49 = - doPost
2017-41-10 01:41:37 DEBUG ManagerServlet:49 = - doPost
2017-41-10 01:41:37 DEBUG ManagerServlet:49 = - doPost
2017-41-10 01:41:37 DEBUG ManagerServlet:49 = - doPost
2017-41-10 01:41:37 DEBUG ManagerServlet:49 = - doPost
2017-41-10 01:41:37 DEBUG ManagerServlet:49 = - doPost
2017-41-10 01:41:37 DEBUG ManagerServlet:49 = - doPost
2017-41-10 01:41:37 DEBUG ManagerServlet:49 = - doPost
2017-41-10 01:41:37 DEBUG ManagerServlet:49 = - doPost
2017-41-10 01:41:37 DEBUG ManagerServlet:49 = - doPost
2017-41-10 01:41:37 DEBUG ManagerServlet:49 = - doPost
2017-41-10 01:41:37 DEBUG ManagerServlet:49 = - doPost
2017-41-10 01:41:37 DEBUG ManagerServlet:49 = - doPost
2017-41-10 01:41:37 DEBUG ManagerServlet:49 = - doPost
2017-41-10 01:41:37 DEBUG ManagerServlet:49 = - doPost
2017-41-10 01:41:37 DEBUG ManagerServlet:49 = - doPost
2017-41-10 01:41:38 DEBUG ManagerServlet:49 = - doPost
2017-41-10 01:41:38 DEBUG ManagerServlet:49 = - doPost
2017-41-10 01:41:38 DEBUG ManagerServlet:49 = - doPost
2017-41-10 01:41:38 DEBUG ManagerServlet:49 = - doPost
2017-41-10 01:41:38 DEBUG ManagerServlet:49 = - doPost
2017-41-10 01:41:38 DEBUG ManagerServlet:49 = - doPost
2017-41-10 01:41:38 DEBUG ManagerServlet:49 = - doPost
2017-41-10 01:41:38 DEBUG ManagerServlet:49 = - doPost
2017-41-10 01:41:38 DEBUG ManagerServlet:49 = - doPost
2017-41-10 01:41:38 DEBUG ManagerServlet:49 = - doPost
2017-41-10 01:41:38 DEBUG ManagerServlet:49 = - doPost
2017-41-10 01:41:38 DEBUG ManagerServlet:49 = - doPost
2017-41-10 01:41:38 DEBUG ManagerServlet:49 = - doPost
2017-41-10 01:41:38 DEBUG ManagerServlet:49 = - doPost
2017-41-10 01:41:38 DEBUG ManagerServlet:49 = - doPost
2017-41-10 01:41:38 DEBUG ManagerServlet:49 = - doPost
2017-41-10 01:41:38 DEBUG ManagerServlet:49 = - doPost
2017-41-10 01:41:38 DEBUG ManagerServlet:49 = - doPost
2017-41-10 01:41:38 DEBUG ManagerServlet:49 = - doPost
2017-41-10 01:41:38 DEBUG ManagerServlet:49 = - doPost
2017-41-10 01:41:38 DEBUG ManagerServlet:49 = - doPost
2017-41-10 01:41:38 DEBUG ManagerServlet:49 = - doPost
2017-41-10 01:41:38 ERROR LoginServlet:343 = Unable to update reimbursement request
2017-41-10 01:41:38 DEBUG ManagerServlet:49 = - doPost
2017-41-10 01:41:38 ERROR LoginServlet:343 = Unable to update reimbursement request
2017-41-10 01:41:38 DEBUG ManagerServlet:49 = - doPost
2017-41-10 01:41:38 ERROR LoginServlet:343 = Unable to update reimbursement request
2017-41-10 01:41:38 DEBUG ManagerServlet:49 = - doPost
2017-41-10 01:41:38 ERROR LoginServlet:343 = Unable to update reimbursement request
2017-41-10 01:41:38 DEBUG ManagerServlet:49 = - doPost
2017-41-10 01:41:38 ERROR LoginServlet:343 = Unable to update reimbursement request
2017-41-10 01:41:39 DEBUG ManagerServlet:49 = - doPost
2017-41-10 01:41:39 ERROR LoginServlet:343 = Unable to update reimbursement request
2017-41-10 01:41:39 DEBUG ManagerServlet:49 = - doPost
2017-41-10 01:41:39 ERROR LoginServlet:343 = Unable to update reimbursement request
2017-41-10 01:41:39 DEBUG ManagerServlet:49 = - doPost
2017-41-10 01:41:39 ERROR LoginServlet:343 = Unable to update reimbursement request
2017-41-10 01:41:39 DEBUG ManagerServlet:49 = - doPost
2017-41-10 01:41:39 ERROR LoginServlet:343 = Unable to update reimbursement request
2017-41-10 01:41:39 DEBUG ManagerServlet:49 = - doPost
2017-41-10 01:41:39 ERROR LoginServlet:343 = Unable to update reimbursement request
2017-41-10 01:41:39 DEBUG ManagerServlet:49 = - doPost
2017-41-10 01:41:39 ERROR LoginServlet:343 = Unable to update reimbursement request
2017-41-10 01:41:39 DEBUG ManagerServlet:49 = - doPost
2017-41-10 01:41:39 ERROR LoginServlet:343 = Unable to update reimbursement request
2017-41-10 01:41:39 DEBUG ManagerServlet:49 = - doPost
2017-41-10 01:41:39 ERROR LoginServlet:343 = Unable to update reimbursement request
2017-41-10 01:41:39 DEBUG ManagerServlet:49 = - doPost
2017-41-10 01:41:39 ERROR LoginServlet:343 = Unable to update reimbursement request
2017-41-10 01:41:39 DEBUG ManagerServlet:49 = - doPost
2017-41-10 01:41:39 ERROR LoginServlet:343 = Unable to update reimbursement request
2017-41-10 01:41:39 DEBUG ManagerServlet:49 = - doPost
2017-41-10 01:41:39 ERROR LoginServlet:343 = Unable to update reimbursement request
2017-41-10 01:41:39 DEBUG ManagerServlet:49 = - doPost
2017-41-10 01:41:39 ERROR LoginServlet:343 = Unable to update reimbursement request
2017-41-10 01:41:39 DEBUG ManagerServlet:49 = - doPost
2017-41-10 01:41:39 ERROR LoginServlet:343 = Unable to update reimbursement request
2017-41-10 01:41:39 DEBUG ManagerServlet:49 = - doPost
2017-41-10 01:41:39 ERROR LoginServlet:343 = Unable to update reimbursement request
2017-41-10 01:41:39 DEBUG ManagerServlet:49 = - doPost
2017-41-10 01:41:39 ERROR LoginServlet:343 = Unable to update reimbursement request
2017-41-10 01:41:39 DEBUG ManagerServlet:49 = - doPost
2017-41-10 01:41:39 DEBUG ManagerServlet:49 = - doPost
2017-41-10 01:41:39 DEBUG ManagerServlet:49 = - doPost
2017-41-10 01:41:39 DEBUG ManagerServlet:49 = - doPost
2017-41-10 01:41:39 DEBUG ManagerServlet:49 = - doPost
2017-41-10 01:41:39 DEBUG ManagerServlet:49 = - doPost
2017-41-10 01:41:39 DEBUG ManagerServlet:49 = - doPost
2017-41-10 01:41:39 DEBUG ManagerServlet:49 = - doPost
2017-41-10 01:41:39 DEBUG ManagerServlet:49 = - doPost
2017-41-10 01:41:39 DEBUG ManagerServlet:49 = - doPost
2017-41-10 01:41:39 DEBUG ManagerServlet:49 = - doPost
2017-41-10 01:41:39 DEBUG ManagerServlet:49 = - doPost
2017-41-10 01:41:39 DEBUG ManagerServlet:49 = - doPost
2017-41-10 01:41:40 DEBUG ManagerServlet:49 = - doPost
2017-41-10 01:41:40 DEBUG ManagerServlet:49 = - doPost
2017-41-10 01:41:40 DEBUG ManagerServlet:49 = - doPost
2017-41-10 01:41:40 DEBUG ManagerServlet:49 = - doPost
2017-41-10 01:41:40 DEBUG ManagerServlet:49 = - doPost
2017-41-10 01:41:40 DEBUG ManagerServlet:49 = - doPost
2017-41-10 01:41:40 DEBUG ManagerServlet:49 = - doPost
2017-41-10 01:41:40 DEBUG ManagerServlet:49 = - doPost
2017-41-10 01:41:40 DEBUG ManagerServlet:49 = - doPost
2017-41-10 01:41:40 DEBUG ManagerServlet:49 = - doPost
2017-41-10 01:41:40 DEBUG ManagerServlet:49 = - doPost
2017-41-10 01:41:40 DEBUG ManagerServlet:49 = - doPost
2017-41-10 01:41:40 DEBUG ManagerServlet:49 = - doPost
2017-41-10 01:41:40 DEBUG ManagerServlet:49 = - doPost
2017-41-10 01:41:40 DEBUG ManagerServlet:49 = - doPost
2017-41-10 01:41:40 DEBUG ManagerServlet:49 = - doPost
2017-41-10 01:41:40 DEBUG ManagerServlet:49 = - doPost
2017-41-10 01:41:40 DEBUG ManagerServlet:49 = - doPost
2017-41-10 01:41:40 DEBUG ManagerServlet:49 = - doPost
2017-41-10 01:41:41 DEBUG ManagerServlet:49 = - doPost
2017-41-10 01:41:41 DEBUG ManagerServlet:49 = - doPost
2017-41-10 01:41:41 DEBUG ManagerServlet:49 = - doPost
2017-41-10 01:41:41 DEBUG ManagerServlet:49 = - doPost
2017-41-10 01:41:41 DEBUG ManagerServlet:49 = - doPost
2017-41-10 01:41:41 DEBUG ManagerServlet:49 = - doPost
2017-41-10 01:41:41 DEBUG ManagerServlet:49 = - doPost
2017-41-10 01:41:41 DEBUG ManagerServlet:49 = - doPost
2017-41-10 01:41:41 DEBUG ManagerServlet:49 = - doPost
2017-41-10 01:41:41 DEBUG ManagerServlet:49 = - doPost
2017-41-10 01:41:41 DEBUG ManagerServlet:49 = - doPost
2017-41-10 01:41:41 DEBUG ManagerServlet:49 = - doPost
2017-41-10 01:41:41 DEBUG ManagerServlet:49 = - doPost
2017-41-10 01:41:41 DEBUG ManagerServlet:49 = - doPost
2017-41-10 01:41:41 DEBUG ManagerServlet:49 = - doPost
2017-41-10 01:41:41 DEBUG ManagerServlet:49 = - doPost
2017-41-10 01:41:41 DEBUG ManagerServlet:49 = - doPost
2017-41-10 01:41:41 DEBUG ManagerServlet:49 = - doPost
2017-41-10 01:41:41 DEBUG ManagerServlet:49 = - doPost
2017-41-10 01:41:41 DEBUG ManagerServlet:49 = - doPost
2017-41-10 01:41:41 DEBUG ManagerServlet:49 = - doPost
2017-41-10 01:41:41 DEBUG ManagerServlet:49 = - doPost
2017-41-10 01:41:41 DEBUG ManagerServlet:49 = - doPost
2017-41-10 01:41:42 DEBUG ManagerServlet:49 = - doPost
2017-41-10 01:41:42 DEBUG ManagerServlet:49 = - doPost
2017-41-10 01:41:42 DEBUG ManagerServlet:49 = - doPost
2017-41-10 01:41:42 DEBUG ManagerServlet:49 = - doPost
2017-41-10 01:41:42 DEBUG ManagerServlet:49 = - doPost
2017-41-10 01:41:42 DEBUG ManagerServlet:49 = - doPost
2017-41-10 01:41:42 DEBUG ManagerServlet:49 = - doPost
2017-41-10 01:41:42 DEBUG ManagerServlet:49 = - doPost
2017-41-10 01:41:42 DEBUG ManagerServlet:49 = - doPost
2017-41-10 01:41:42 DEBUG ManagerServlet:49 = - doPost
2017-41-10 01:41:42 DEBUG ManagerServlet:49 = - doPost
2017-41-10 01:41:42 DEBUG ManagerServlet:49 = - doPost
2017-41-10 01:41:42 DEBUG ManagerServlet:49 = - doPost
2017-41-10 01:41:42 DEBUG ManagerServlet:49 = - doPost
2017-41-10 01:41:42 DEBUG ManagerServlet:49 = - doPost
2017-41-10 01:41:42 DEBUG ManagerServlet:49 = - doPost
2017-41-10 01:41:42 DEBUG ManagerServlet:49 = - doPost
2017-41-10 01:41:42 DEBUG ManagerServlet:49 = - doPost
2017-41-10 01:41:42 DEBUG ManagerServlet:49 = - doPost
2017-41-10 01:41:42 DEBUG ManagerServlet:49 = - doPost
2017-41-10 01:41:43 DEBUG ManagerServlet:49 = - doPost
2017-41-10 01:41:43 DEBUG ManagerServlet:49 = - doPost
2017-41-10 01:41:43 DEBUG ManagerServlet:49 = - doPost
2017-41-10 01:41:43 DEBUG ManagerServlet:49 = - doPost
2017-41-10 01:41:43 DEBUG ManagerServlet:49 = - doPost
2017-41-10 01:41:43 DEBUG ManagerServlet:49 = - doPost
2017-41-10 01:41:43 DEBUG ManagerServlet:49 = - doPost
2017-41-10 01:41:43 DEBUG ManagerServlet:49 = - doPost
2017-41-10 01:41:43 DEBUG ManagerServlet:49 = - doPost
2017-41-10 01:41:43 DEBUG ManagerServlet:49 = - doPost
2017-41-10 01:41:43 DEBUG ManagerServlet:49 = - doPost
2017-41-10 01:41:43 DEBUG ManagerServlet:49 = - doPost
2017-41-10 01:41:43 DEBUG ManagerServlet:49 = - doPost
2017-41-10 01:41:43 DEBUG ManagerServlet:49 = - doPost
2017-41-10 01:41:43 DEBUG ManagerServlet:49 = - doPost
2017-41-10 01:41:43 DEBUG ManagerServlet:49 = - doPost
2017-41-10 01:41:43 DEBUG ManagerServlet:49 = - doPost
2017-41-10 01:41:43 DEBUG ManagerServlet:49 = - doPost
2017-41-10 01:41:43 DEBUG ManagerServlet:49 = - doPost
2017-41-10 01:41:43 DEBUG ManagerServlet:49 = - doPost
2017-41-10 01:41:43 DEBUG ManagerServlet:49 = - doPost
2017-41-10 01:41:43 DEBUG ManagerServlet:49 = - doPost
2017-41-10 01:41:43 DEBUG ManagerServlet:49 = - doPost
2017-41-10 01:41:43 DEBUG ManagerServlet:49 = - doPost
2017-41-10 01:41:43 DEBUG ManagerServlet:49 = - doPost
2017-41-10 01:41:43 DEBUG ManagerServlet:49 = - doPost
2017-41-10 01:41:43 DEBUG ManagerServlet:49 = - doPost
2017-41-10 01:41:43 DEBUG ManagerServlet:49 = - doPost
2017-41-10 01:41:43 DEBUG ManagerServlet:49 = - doPost
2017-41-10 01:41:43 DEBUG ManagerServlet:49 = - doPost
2017-41-10 01:41:43 DEBUG ManagerServlet:49 = - doPost
2017-41-10 01:41:43 DEBUG ManagerServlet:49 = - doPost
2017-41-10 01:41:43 DEBUG ManagerServlet:49 = - doPost
2017-41-10 01:41:43 DEBUG ManagerServlet:49 = - doPost
2017-41-10 01:41:43 DEBUG ManagerServlet:49 = - doPost
2017-41-10 01:41:43 DEBUG ManagerServlet:49 = - doPost
2017-41-10 01:41:43 DEBUG ManagerServlet:49 = - doPost
2017-41-10 01:41:44 DEBUG ManagerServlet:49 = - doPost
2017-41-10 01:41:44 DEBUG ManagerServlet:49 = - doPost
2017-41-10 01:41:44 DEBUG ManagerServlet:49 = - doPost
2017-41-10 01:41:44 DEBUG ManagerServlet:49 = - doPost
2017-41-10 01:41:44 DEBUG ManagerServlet:49 = - doPost
2017-41-10 01:41:44 DEBUG ManagerServlet:49 = - doPost
2017-41-10 01:41:44 DEBUG ManagerServlet:49 = - doPost
2017-41-10 01:41:44 DEBUG ManagerServlet:49 = - doPost
2017-41-10 01:41:44 DEBUG ManagerServlet:49 = - doPost
2017-41-10 01:41:44 DEBUG ManagerServlet:49 = - doPost
2017-41-10 01:41:44 DEBUG ManagerServlet:49 = - doPost
2017-41-10 01:41:44 DEBUG ManagerServlet:49 = - doPost
2017-41-10 01:41:44 DEBUG ManagerServlet:49 = - doPost
2017-41-10 01:41:44 DEBUG ManagerServlet:49 = - doPost
2017-41-10 01:41:44 DEBUG ManagerServlet:49 = - doPost
2017-41-10 01:41:44 DEBUG ManagerServlet:49 = - doPost
2017-41-10 01:41:44 DEBUG ManagerServlet:49 = - doPost
2017-41-10 01:41:44 DEBUG ManagerServlet:49 = - doPost
2017-41-10 01:41:44 DEBUG ManagerServlet:49 = - doPost
2017-41-10 01:41:44 DEBUG ManagerServlet:49 = - doPost
2017-41-10 01:41:44 DEBUG ManagerServlet:49 = - doPost
2017-41-10 01:41:45 DEBUG ManagerServlet:49 = - doPost
2017-41-10 01:41:45 DEBUG ManagerServlet:49 = - doPost
2017-41-10 01:41:45 DEBUG ManagerServlet:49 = - doPost
2017-41-10 01:41:45 DEBUG ManagerServlet:49 = - doPost
2017-41-10 01:41:45 DEBUG ManagerServlet:49 = - doPost
2017-41-10 01:41:45 DEBUG ManagerServlet:49 = - doPost
2017-41-10 01:41:45 DEBUG ManagerServlet:49 = - doPost
2017-41-10 01:41:45 ERROR LoginServlet:343 = Unable to update reimbursement request
2017-41-10 01:41:45 DEBUG ManagerServlet:49 = - doPost
2017-41-10 01:41:45 ERROR LoginServlet:343 = Unable to update reimbursement request
2017-41-10 01:41:45 DEBUG ManagerServlet:49 = - doPost
2017-41-10 01:41:45 ERROR LoginServlet:343 = Unable to update reimbursement request
2017-41-10 01:41:45 DEBUG ManagerServlet:49 = - doPost
2017-41-10 01:41:45 ERROR LoginServlet:343 = Unable to update reimbursement request
2017-41-10 01:41:45 DEBUG ManagerServlet:49 = - doPost
2017-41-10 01:41:45 ERROR LoginServlet:343 = Unable to update reimbursement request
2017-41-10 01:41:45 DEBUG ManagerServlet:49 = - doPost
2017-41-10 01:41:45 ERROR LoginServlet:343 = Unable to update reimbursement request
2017-41-10 01:41:45 DEBUG ManagerServlet:49 = - doPost
2017-41-10 01:41:45 ERROR LoginServlet:343 = Unable to update reimbursement request
2017-42-10 01:42:48 DEBUG LoginServlet:78 = LoginServlet - init()
2017-42-10 01:42:56 INFO  AuthFilter:86 = Forwarding to login
2017-43-10 01:43:00 INFO  AuthFilter:76 = Authenticating
2017-43-10 01:43:00 DEBUG ManagerServlet:31 = - doGet
2017-43-10 01:43:06 DEBUG ManagerServlet:49 = - doPost
2017-43-10 01:43:10 DEBUG ManagerServlet:49 = - doPost
2017-43-10 01:43:45 DEBUG LoginServlet:78 = LoginServlet - init()
2017-43-10 01:43:47 INFO  AuthFilter:86 = Forwarding to login
2017-43-10 01:43:51 INFO  AuthFilter:76 = Authenticating
2017-43-10 01:43:51 DEBUG ManagerServlet:31 = - doGet
2017-43-10 01:43:54 DEBUG ManagerServlet:49 = - doPost
2017-43-10 01:43:54 DEBUG ManagerServlet:49 = - doPost
2017-43-10 01:43:54 DEBUG ManagerServlet:49 = - doPost
2017-43-10 01:43:54 DEBUG ManagerServlet:49 = - doPost
2017-43-10 01:43:54 DEBUG ManagerServlet:49 = - doPost
2017-43-10 01:43:54 DEBUG ManagerServlet:49 = - doPost
2017-43-10 01:43:54 DEBUG ManagerServlet:49 = - doPost
2017-43-10 01:43:54 DEBUG ManagerServlet:49 = - doPost
2017-43-10 01:43:54 DEBUG ManagerServlet:49 = - doPost
2017-43-10 01:43:54 DEBUG ManagerServlet:49 = - doPost
2017-43-10 01:43:54 DEBUG ManagerServlet:49 = - doPost
2017-43-10 01:43:54 DEBUG ManagerServlet:49 = - doPost
2017-43-10 01:43:54 DEBUG ManagerServlet:49 = - doPost
2017-43-10 01:43:54 DEBUG ManagerServlet:49 = - doPost
2017-43-10 01:43:54 DEBUG ManagerServlet:49 = - doPost
2017-43-10 01:43:54 DEBUG ManagerServlet:49 = - doPost
2017-43-10 01:43:54 DEBUG ManagerServlet:49 = - doPost
2017-43-10 01:43:54 DEBUG ManagerServlet:49 = - doPost
2017-43-10 01:43:54 DEBUG ManagerServlet:49 = - doPost
2017-43-10 01:43:54 DEBUG ManagerServlet:49 = - doPost
2017-43-10 01:43:54 DEBUG ManagerServlet:49 = - doPost
2017-43-10 01:43:54 DEBUG ManagerServlet:49 = - doPost
2017-43-10 01:43:54 DEBUG ManagerServlet:49 = - doPost
2017-43-10 01:43:55 DEBUG ManagerServlet:49 = - doPost
2017-43-10 01:43:55 DEBUG ManagerServlet:49 = - doPost
2017-43-10 01:43:55 DEBUG ManagerServlet:49 = - doPost
2017-43-10 01:43:55 DEBUG ManagerServlet:49 = - doPost
2017-43-10 01:43:55 DEBUG ManagerServlet:49 = - doPost
2017-43-10 01:43:55 DEBUG ManagerServlet:49 = - doPost
2017-43-10 01:43:55 DEBUG ManagerServlet:49 = - doPost
2017-43-10 01:43:55 DEBUG ManagerServlet:49 = - doPost
2017-43-10 01:43:55 DEBUG ManagerServlet:49 = - doPost
2017-43-10 01:43:55 DEBUG ManagerServlet:49 = - doPost
2017-43-10 01:43:55 DEBUG ManagerServlet:49 = - doPost
2017-43-10 01:43:55 DEBUG ManagerServlet:49 = - doPost
2017-43-10 01:43:55 DEBUG ManagerServlet:49 = - doPost
2017-43-10 01:43:55 DEBUG ManagerServlet:49 = - doPost
2017-43-10 01:43:55 DEBUG ManagerServlet:49 = - doPost
2017-43-10 01:43:55 DEBUG ManagerServlet:49 = - doPost
2017-43-10 01:43:55 DEBUG ManagerServlet:49 = - doPost
2017-43-10 01:43:55 DEBUG ManagerServlet:49 = - doPost
2017-43-10 01:43:55 DEBUG ManagerServlet:49 = - doPost
2017-43-10 01:43:55 DEBUG ManagerServlet:49 = - doPost
2017-43-10 01:43:55 DEBUG ManagerServlet:49 = - doPost
2017-43-10 01:43:55 DEBUG ManagerServlet:49 = - doPost
2017-43-10 01:43:55 DEBUG ManagerServlet:49 = - doPost
2017-43-10 01:43:55 DEBUG ManagerServlet:49 = - doPost
2017-43-10 01:43:55 DEBUG ManagerServlet:49 = - doPost
2017-43-10 01:43:55 DEBUG ManagerServlet:49 = - doPost
2017-43-10 01:43:55 DEBUG ManagerServlet:49 = - doPost
2017-43-10 01:43:55 DEBUG ManagerServlet:49 = - doPost
2017-43-10 01:43:55 DEBUG ManagerServlet:49 = - doPost
2017-43-10 01:43:55 DEBUG ManagerServlet:49 = - doPost
2017-43-10 01:43:55 DEBUG ManagerServlet:49 = - doPost
2017-43-10 01:43:55 DEBUG ManagerServlet:49 = - doPost
2017-43-10 01:43:55 DEBUG ManagerServlet:49 = - doPost
2017-43-10 01:43:55 DEBUG ManagerServlet:49 = - doPost
2017-43-10 01:43:55 DEBUG ManagerServlet:49 = - doPost
2017-43-10 01:43:55 DEBUG ManagerServlet:49 = - doPost
2017-43-10 01:43:55 DEBUG ManagerServlet:49 = - doPost
2017-43-10 01:43:55 DEBUG ManagerServlet:49 = - doPost
2017-43-10 01:43:56 DEBUG ManagerServlet:49 = - doPost
2017-43-10 01:43:56 DEBUG ManagerServlet:49 = - doPost
2017-43-10 01:43:56 DEBUG ManagerServlet:49 = - doPost
2017-43-10 01:43:56 DEBUG ManagerServlet:49 = - doPost
2017-43-10 01:43:56 DEBUG ManagerServlet:49 = - doPost
2017-43-10 01:43:56 DEBUG ManagerServlet:49 = - doPost
2017-43-10 01:43:56 DEBUG ManagerServlet:49 = - doPost
2017-43-10 01:43:56 DEBUG ManagerServlet:49 = - doPost
2017-43-10 01:43:56 DEBUG ManagerServlet:49 = - doPost
2017-43-10 01:43:56 DEBUG ManagerServlet:49 = - doPost
2017-43-10 01:43:56 DEBUG ManagerServlet:49 = - doPost
2017-43-10 01:43:56 DEBUG ManagerServlet:49 = - doPost
2017-43-10 01:43:56 DEBUG ManagerServlet:49 = - doPost
2017-43-10 01:43:56 DEBUG ManagerServlet:49 = - doPost
2017-43-10 01:43:56 DEBUG ManagerServlet:49 = - doPost
2017-43-10 01:43:56 DEBUG ManagerServlet:49 = - doPost
2017-43-10 01:43:56 DEBUG ManagerServlet:49 = - doPost
2017-43-10 01:43:56 DEBUG ManagerServlet:49 = - doPost
2017-43-10 01:43:56 DEBUG ManagerServlet:49 = - doPost
2017-43-10 01:43:56 DEBUG ManagerServlet:49 = - doPost
2017-43-10 01:43:56 DEBUG ManagerServlet:49 = - doPost
2017-43-10 01:43:56 DEBUG ManagerServlet:49 = - doPost
2017-43-10 01:43:56 DEBUG ManagerServlet:49 = - doPost
2017-43-10 01:43:56 ERROR LoginServlet:343 = Unable to update reimbursement request
2017-43-10 01:43:56 DEBUG ManagerServlet:49 = - doPost
2017-43-10 01:43:56 ERROR LoginServlet:343 = Unable to update reimbursement request
2017-43-10 01:43:56 DEBUG ManagerServlet:49 = - doPost
2017-43-10 01:43:56 ERROR LoginServlet:343 = Unable to update reimbursement request
2017-43-10 01:43:56 DEBUG ManagerServlet:49 = - doPost
2017-43-10 01:43:56 ERROR LoginServlet:343 = Unable to update reimbursement request
2017-43-10 01:43:56 DEBUG ManagerServlet:49 = - doPost
2017-43-10 01:43:56 ERROR LoginServlet:343 = Unable to update reimbursement request
2017-43-10 01:43:56 DEBUG ManagerServlet:49 = - doPost
2017-43-10 01:43:56 ERROR LoginServlet:343 = Unable to update reimbursement request
2017-43-10 01:43:56 DEBUG ManagerServlet:49 = - doPost
2017-43-10 01:43:56 ERROR LoginServlet:343 = Unable to update reimbursement request
2017-43-10 01:43:56 DEBUG ManagerServlet:49 = - doPost
2017-43-10 01:43:56 ERROR LoginServlet:343 = Unable to update reimbursement request
2017-43-10 01:43:57 DEBUG ManagerServlet:49 = - doPost
2017-43-10 01:43:57 ERROR LoginServlet:343 = Unable to update reimbursement request
2017-43-10 01:43:57 DEBUG ManagerServlet:49 = - doPost
2017-43-10 01:43:57 ERROR LoginServlet:343 = Unable to update reimbursement request
2017-43-10 01:43:57 DEBUG ManagerServlet:49 = - doPost
2017-43-10 01:43:57 ERROR LoginServlet:343 = Unable to update reimbursement request
2017-43-10 01:43:57 DEBUG ManagerServlet:49 = - doPost
2017-43-10 01:43:57 ERROR LoginServlet:343 = Unable to update reimbursement request
2017-43-10 01:43:57 DEBUG ManagerServlet:49 = - doPost
2017-43-10 01:43:57 ERROR LoginServlet:343 = Unable to update reimbursement request
2017-43-10 01:43:57 DEBUG ManagerServlet:49 = - doPost
2017-43-10 01:43:57 ERROR LoginServlet:343 = Unable to update reimbursement request
2017-43-10 01:43:57 DEBUG ManagerServlet:49 = - doPost
2017-43-10 01:43:57 ERROR LoginServlet:343 = Unable to update reimbursement request
2017-43-10 01:43:57 DEBUG ManagerServlet:49 = - doPost
2017-43-10 01:43:57 ERROR LoginServlet:343 = Unable to update reimbursement request
2017-43-10 01:43:57 DEBUG ManagerServlet:49 = - doPost
2017-43-10 01:43:57 ERROR LoginServlet:343 = Unable to update reimbursement request
2017-43-10 01:43:57 DEBUG ManagerServlet:49 = - doPost
2017-43-10 01:43:57 ERROR LoginServlet:343 = Unable to update reimbursement request
2017-43-10 01:43:57 DEBUG ManagerServlet:49 = - doPost
2017-43-10 01:43:57 DEBUG ManagerServlet:49 = - doPost
2017-43-10 01:43:57 DEBUG ManagerServlet:49 = - doPost
2017-43-10 01:43:57 DEBUG ManagerServlet:49 = - doPost
2017-43-10 01:43:57 DEBUG ManagerServlet:49 = - doPost
2017-43-10 01:43:57 DEBUG ManagerServlet:49 = - doPost
2017-43-10 01:43:58 DEBUG ManagerServlet:49 = - doPost
2017-43-10 01:43:58 DEBUG ManagerServlet:49 = - doPost
2017-43-10 01:43:58 DEBUG ManagerServlet:49 = - doPost
2017-43-10 01:43:58 DEBUG ManagerServlet:49 = - doPost
2017-43-10 01:43:58 DEBUG ManagerServlet:49 = - doPost
2017-43-10 01:43:58 DEBUG ManagerServlet:49 = - doPost
2017-43-10 01:43:58 DEBUG ManagerServlet:49 = - doPost
2017-43-10 01:43:58 DEBUG ManagerServlet:49 = - doPost
2017-43-10 01:43:58 DEBUG ManagerServlet:49 = - doPost
2017-43-10 01:43:58 DEBUG ManagerServlet:49 = - doPost
2017-43-10 01:43:58 DEBUG ManagerServlet:49 = - doPost
2017-43-10 01:43:58 DEBUG ManagerServlet:49 = - doPost
2017-43-10 01:43:58 DEBUG ManagerServlet:49 = - doPost
2017-43-10 01:43:58 DEBUG ManagerServlet:49 = - doPost
2017-43-10 01:43:58 DEBUG ManagerServlet:49 = - doPost
2017-43-10 01:43:58 DEBUG ManagerServlet:49 = - doPost
2017-43-10 01:43:58 DEBUG ManagerServlet:49 = - doPost
2017-43-10 01:43:58 DEBUG ManagerServlet:49 = - doPost
2017-43-10 01:43:58 DEBUG ManagerServlet:49 = - doPost
2017-43-10 01:43:58 DEBUG ManagerServlet:49 = - doPost
2017-43-10 01:43:58 DEBUG ManagerServlet:49 = - doPost
2017-43-10 01:43:58 DEBUG ManagerServlet:49 = - doPost
2017-43-10 01:43:58 DEBUG ManagerServlet:49 = - doPost
2017-43-10 01:43:58 DEBUG ManagerServlet:49 = - doPost
2017-43-10 01:43:58 DEBUG ManagerServlet:49 = - doPost
2017-43-10 01:43:58 DEBUG ManagerServlet:49 = - doPost
2017-43-10 01:43:58 DEBUG ManagerServlet:49 = - doPost
2017-43-10 01:43:58 DEBUG ManagerServlet:49 = - doPost
2017-43-10 01:43:58 DEBUG ManagerServlet:49 = - doPost
2017-43-10 01:43:58 DEBUG ManagerServlet:49 = - doPost
2017-43-10 01:43:58 DEBUG ManagerServlet:49 = - doPost
2017-43-10 01:43:58 DEBUG ManagerServlet:49 = - doPost
2017-43-10 01:43:58 DEBUG ManagerServlet:49 = - doPost
2017-43-10 01:43:58 DEBUG ManagerServlet:49 = - doPost
2017-43-10 01:43:58 DEBUG ManagerServlet:49 = - doPost
2017-43-10 01:43:58 DEBUG ManagerServlet:49 = - doPost
2017-43-10 01:43:58 DEBUG ManagerServlet:49 = - doPost
2017-43-10 01:43:58 DEBUG ManagerServlet:49 = - doPost
2017-43-10 01:43:58 DEBUG ManagerServlet:49 = - doPost
2017-43-10 01:43:59 DEBUG ManagerServlet:49 = - doPost
2017-43-10 01:43:59 DEBUG ManagerServlet:49 = - doPost
2017-43-10 01:43:59 DEBUG ManagerServlet:49 = - doPost
2017-43-10 01:43:59 DEBUG ManagerServlet:49 = - doPost
2017-43-10 01:43:59 DEBUG ManagerServlet:49 = - doPost
2017-43-10 01:43:59 DEBUG ManagerServlet:49 = - doPost
2017-43-10 01:43:59 DEBUG ManagerServlet:49 = - doPost
2017-43-10 01:43:59 DEBUG ManagerServlet:49 = - doPost
2017-43-10 01:43:59 DEBUG ManagerServlet:49 = - doPost
2017-43-10 01:43:59 DEBUG ManagerServlet:49 = - doPost
2017-43-10 01:43:59 DEBUG ManagerServlet:49 = - doPost
2017-43-10 01:43:59 DEBUG ManagerServlet:49 = - doPost
2017-43-10 01:43:59 DEBUG ManagerServlet:49 = - doPost
2017-43-10 01:43:59 DEBUG ManagerServlet:49 = - doPost
2017-43-10 01:43:59 DEBUG ManagerServlet:49 = - doPost
2017-43-10 01:43:59 DEBUG ManagerServlet:49 = - doPost
2017-43-10 01:43:59 DEBUG ManagerServlet:49 = - doPost
2017-43-10 01:43:59 DEBUG ManagerServlet:49 = - doPost
2017-43-10 01:43:59 DEBUG ManagerServlet:49 = - doPost
2017-43-10 01:43:59 DEBUG ManagerServlet:49 = - doPost
2017-43-10 01:43:59 DEBUG ManagerServlet:49 = - doPost
2017-43-10 01:43:59 DEBUG ManagerServlet:49 = - doPost
2017-43-10 01:43:59 DEBUG ManagerServlet:49 = - doPost
2017-43-10 01:43:59 DEBUG ManagerServlet:49 = - doPost
2017-43-10 01:43:59 DEBUG ManagerServlet:49 = - doPost
2017-43-10 01:43:59 DEBUG ManagerServlet:49 = - doPost
2017-43-10 01:43:59 ERROR LoginServlet:343 = Unable to update reimbursement request
2017-43-10 01:43:59 DEBUG ManagerServlet:49 = - doPost
2017-43-10 01:43:59 ERROR LoginServlet:343 = Unable to update reimbursement request
2017-43-10 01:43:59 DEBUG ManagerServlet:49 = - doPost
2017-43-10 01:43:59 ERROR LoginServlet:343 = Unable to update reimbursement request
2017-44-10 01:44:00 DEBUG ManagerServlet:49 = - doPost
2017-44-10 01:44:00 ERROR LoginServlet:343 = Unable to update reimbursement request
2017-44-10 01:44:00 DEBUG ManagerServlet:49 = - doPost
2017-44-10 01:44:00 ERROR LoginServlet:343 = Unable to update reimbursement request
2017-44-10 01:44:00 DEBUG ManagerServlet:49 = - doPost
2017-44-10 01:44:00 ERROR LoginServlet:343 = Unable to update reimbursement request
2017-44-10 01:44:00 DEBUG ManagerServlet:49 = - doPost
2017-44-10 01:44:00 ERROR LoginServlet:343 = Unable to update reimbursement request
2017-44-10 01:44:00 DEBUG ManagerServlet:49 = - doPost
2017-44-10 01:44:00 ERROR LoginServlet:343 = Unable to update reimbursement request
2017-44-10 01:44:00 DEBUG ManagerServlet:49 = - doPost
2017-44-10 01:44:00 ERROR LoginServlet:343 = Unable to update reimbursement request
2017-44-10 01:44:00 DEBUG ManagerServlet:49 = - doPost
2017-44-10 01:44:00 ERROR LoginServlet:343 = Unable to update reimbursement request
2017-44-10 01:44:00 DEBUG ManagerServlet:49 = - doPost
2017-44-10 01:44:00 ERROR LoginServlet:343 = Unable to update reimbursement request
2017-44-10 01:44:00 DEBUG ManagerServlet:49 = - doPost
2017-44-10 01:44:00 ERROR LoginServlet:343 = Unable to update reimbursement request
2017-44-10 01:44:00 DEBUG ManagerServlet:49 = - doPost
2017-44-10 01:44:00 ERROR LoginServlet:343 = Unable to update reimbursement request
2017-44-10 01:44:00 DEBUG ManagerServlet:49 = - doPost
2017-44-10 01:44:00 ERROR LoginServlet:343 = Unable to update reimbursement request
2017-44-10 01:44:00 DEBUG ManagerServlet:49 = - doPost
2017-44-10 01:44:00 ERROR LoginServlet:343 = Unable to update reimbursement request
2017-44-10 01:44:00 DEBUG ManagerServlet:49 = - doPost
2017-44-10 01:44:00 ERROR LoginServlet:343 = Unable to update reimbursement request
2017-44-10 01:44:00 DEBUG ManagerServlet:49 = - doPost
2017-44-10 01:44:00 ERROR LoginServlet:343 = Unable to update reimbursement request
2017-44-10 01:44:00 DEBUG ManagerServlet:49 = - doPost
2017-44-10 01:44:00 ERROR LoginServlet:343 = Unable to update reimbursement request
2017-44-10 01:44:00 DEBUG ManagerServlet:49 = - doPost
2017-44-10 01:44:00 ERROR LoginServlet:343 = Unable to update reimbursement request
2017-44-10 01:44:00 DEBUG ManagerServlet:49 = - doPost
2017-44-10 01:44:00 ERROR LoginServlet:343 = Unable to update reimbursement request
2017-44-10 01:44:00 DEBUG ManagerServlet:49 = - doPost
2017-44-10 01:44:00 DEBUG ManagerServlet:49 = - doPost
2017-44-10 01:44:00 DEBUG ManagerServlet:49 = - doPost
2017-44-10 01:44:00 DEBUG ManagerServlet:49 = - doPost
2017-44-10 01:44:00 DEBUG ManagerServlet:49 = - doPost
2017-44-10 01:44:00 DEBUG ManagerServlet:49 = - doPost
2017-44-10 01:44:00 DEBUG ManagerServlet:49 = - doPost
2017-44-10 01:44:00 DEBUG ManagerServlet:49 = - doPost
2017-44-10 01:44:00 DEBUG ManagerServlet:49 = - doPost
2017-44-10 01:44:00 DEBUG ManagerServlet:49 = - doPost
2017-44-10 01:44:01 DEBUG ManagerServlet:49 = - doPost
2017-44-10 01:44:01 DEBUG ManagerServlet:49 = - doPost
2017-44-10 01:44:01 DEBUG ManagerServlet:49 = - doPost
2017-44-10 01:44:01 DEBUG ManagerServlet:49 = - doPost
2017-44-10 01:44:01 DEBUG ManagerServlet:49 = - doPost
2017-44-10 01:44:01 DEBUG ManagerServlet:49 = - doPost
2017-44-10 01:44:01 DEBUG ManagerServlet:49 = - doPost
2017-44-10 01:44:01 DEBUG ManagerServlet:49 = - doPost
2017-44-10 01:44:01 DEBUG ManagerServlet:49 = - doPost
2017-44-10 01:44:01 DEBUG ManagerServlet:49 = - doPost
2017-44-10 01:44:01 DEBUG ManagerServlet:49 = - doPost
2017-44-10 01:44:01 DEBUG ManagerServlet:49 = - doPost
2017-44-10 01:44:01 DEBUG ManagerServlet:49 = - doPost
2017-44-10 01:44:01 DEBUG ManagerServlet:49 = - doPost
2017-44-10 01:44:01 DEBUG ManagerServlet:49 = - doPost
2017-44-10 01:44:01 DEBUG ManagerServlet:49 = - doPost
2017-44-10 01:44:01 DEBUG ManagerServlet:49 = - doPost
2017-44-10 01:44:01 DEBUG ManagerServlet:49 = - doPost
2017-44-10 01:44:01 DEBUG ManagerServlet:49 = - doPost
2017-44-10 01:44:01 DEBUG ManagerServlet:49 = - doPost
2017-44-10 01:44:01 DEBUG ManagerServlet:49 = - doPost
2017-44-10 01:44:01 DEBUG ManagerServlet:49 = - doPost
2017-44-10 01:44:01 DEBUG ManagerServlet:49 = - doPost
2017-44-10 01:44:01 DEBUG ManagerServlet:49 = - doPost
2017-44-10 01:44:01 DEBUG ManagerServlet:49 = - doPost
2017-44-10 01:44:01 DEBUG ManagerServlet:49 = - doPost
2017-44-10 01:44:01 DEBUG ManagerServlet:49 = - doPost
2017-44-10 01:44:01 DEBUG ManagerServlet:49 = - doPost
2017-44-10 01:44:01 DEBUG ManagerServlet:49 = - doPost
2017-44-10 01:44:01 DEBUG ManagerServlet:49 = - doPost
2017-44-10 01:44:01 DEBUG ManagerServlet:49 = - doPost
2017-44-10 01:44:02 DEBUG ManagerServlet:49 = - doPost
2017-47-10 01:47:09 DEBUG LoginServlet:78 = LoginServlet - init()
2017-47-10 01:47:09 DEBUG LogoutServlet:20 = LogoutServlet - doGet
2017-47-10 01:47:10 INFO  AuthFilter:76 = Authenticating
2017-47-10 01:47:10 INFO  AuthFilter:86 = Forwarding to login
2017-47-10 01:47:25 INFO  AuthFilter:76 = Authenticating
2017-47-10 01:47:25 INFO  AuthFilter:86 = Forwarding to login
2017-47-10 01:47:27 INFO  AuthFilter:76 = Authenticating
2017-47-10 01:47:27 DEBUG ManagerServlet:31 = - doGet
2017-47-10 01:47:32 DEBUG ManagerServlet:49 = - doPost
2017-47-10 01:47:32 DEBUG ManagerServlet:31 = - doGet
2017-47-10 01:47:52 DEBUG LoginServlet:78 = LoginServlet - init()
2017-48-10 01:48:04 DEBUG LoginServlet:78 = LoginServlet - init()
2017-48-10 01:48:06 INFO  AuthFilter:86 = Forwarding to login
2017-48-10 01:48:09 INFO  AuthFilter:76 = Authenticating
2017-48-10 01:48:09 DEBUG ManagerServlet:31 = - doGet
2017-48-10 01:48:14 DEBUG ManagerServlet:49 = - doPost
2017-48-10 01:48:49 DEBUG LoginServlet:78 = LoginServlet - init()
2017-48-10 01:48:53 INFO  AuthFilter:86 = Forwarding to login
2017-48-10 01:48:56 INFO  AuthFilter:76 = Authenticating
2017-48-10 01:48:56 DEBUG ManagerServlet:31 = - doGet
2017-49-10 01:49:00 DEBUG ManagerServlet:49 = - doPost
2017-49-10 01:49:04 DEBUG ManagerServlet:49 = - doPost
2017-40-10 05:40:43 INFO  AuthFilter:86 = Forwarding to login
2017-40-10 05:40:54 INFO  AuthFilter:76 = Authenticating
2017-40-10 05:40:54 DEBUG ManagerServlet:31 = - doGet
2017-41-10 05:41:35 DEBUG ManagerServlet:49 = - doPost
2017-41-10 05:41:40 DEBUG ManagerServlet:31 = - doGet
2017-41-10 05:41:49 DEBUG LogoutServlet:20 = LogoutServlet - doGet
2017-41-10 05:41:49 INFO  AuthFilter:76 = Authenticating
2017-41-10 05:41:49 INFO  AuthFilter:86 = Forwarding to login
2017-41-10 05:41:56 INFO  AuthFilter:76 = Authenticating
2017-41-10 05:41:57 DEBUG EmployeeServlet:30 = - doGet
2017-45-10 05:45:56 DEBUG LogoutServlet:20 = LogoutServlet - doGet
2017-45-10 05:45:56 INFO  AuthFilter:76 = Authenticating
2017-45-10 05:45:56 INFO  AuthFilter:86 = Forwarding to login
2017-46-10 05:46:05 INFO  AuthFilter:76 = Authenticating
2017-46-10 05:46:05 DEBUG ManagerServlet:31 = - doGet
2017-08-10 06:08:23 DEBUG LoginServlet:78 = LoginServlet - init()
2017-26-10 06:26:15 DEBUG LoginServlet:78 = LoginServlet - init()
2017-26-10 06:26:57 DEBUG LoginServlet:78 = LoginServlet - init()
2017-27-10 06:27:08 DEBUG LoginServlet:78 = LoginServlet - init()
2017-27-10 06:27:18 DEBUG LoginServlet:78 = LoginServlet - init()
2017-28-10 06:28:31 DEBUG LoginServlet:78 = LoginServlet - init()
2017-28-10 06:28:42 DEBUG LoginServlet:78 = LoginServlet - init()
2017-28-10 06:28:52 DEBUG LoginServlet:78 = LoginServlet - init()
2017-30-10 06:30:57 DEBUG LoginServlet:78 = LoginServlet - init()
2017-31-10 06:31:38 DEBUG LoginServlet:78 = LoginServlet - init()
2017-36-10 06:36:25 DEBUG LoginServlet:78 = LoginServlet - init()
2017-36-10 06:36:32 INFO  AuthFilter:86 = Forwarding to login
2017-39-10 06:39:21 INFO  AuthFilter:76 = Authenticating
2017-39-10 06:39:22 DEBUG ManagerServlet:31 = - doGet
2017-40-10 06:40:33 DEBUG ProfileServlet:28 = ProfileServlet - doGet
2017-40-10 06:40:40 DEBUG ProfileServlet:49 = ProfileServlet - doPost
2017-40-10 06:40:46 DEBUG EmployeeServlet:30 = - doGet
2017-45-10 06:45:22 DEBUG LoginServlet:78 = LoginServlet - init()
2017-45-10 06:45:27 INFO  AuthFilter:86 = Forwarding to login
2017-45-10 06:45:32 INFO  AuthFilter:76 = Authenticating
2017-45-10 06:45:32 DEBUG ManagerServlet:31 = - doGet
2017-45-10 06:45:37 DEBUG ProfileServlet:28 = ProfileServlet - doGet
2017-45-10 06:45:43 DEBUG ProfileServlet:49 = ProfileServlet - doPost
2017-45-10 06:45:52 DEBUG EmployeeServlet:30 = - doGet
2017-46-10 06:46:39 DEBUG EmployeeServlet:30 = - doGet
2017-47-10 06:47:30 DEBUG EmployeeServlet:30 = - doGet
2017-47-10 06:47:36 DEBUG LogoutServlet:20 = LogoutServlet - doGet
2017-47-10 06:47:36 INFO  AuthFilter:76 = Authenticating
2017-47-10 06:47:36 INFO  AuthFilter:86 = Forwarding to login
2017-47-10 06:47:45 DEBUG LoginServlet:78 = LoginServlet - init()
2017-48-10 06:48:17 INFO  AuthFilter:76 = Authenticating
2017-48-10 06:48:17 DEBUG ManagerServlet:31 = - doGet
2017-48-10 06:48:21 DEBUG ProfileServlet:28 = ProfileServlet - doGet
2017-48-10 06:48:27 DEBUG ManagerServlet:31 = - doGet
2017-48-10 06:48:34 DEBUG ManagerServlet:28 = - doGet
2017-49-10 06:49:14 DEBUG ManagerServlet:28 = - doGet
2017-49-10 06:49:18 DEBUG ManagerServlet:31 = - doGet
2017-49-10 06:49:21 DEBUG ManagerServlet:31 = - doGet
2017-49-10 06:49:24 DEBUG ProfileServlet:28 = ProfileServlet - doGet
2017-49-10 06:49:33 DEBUG ProfileServlet:49 = ProfileServlet - doPost
2017-49-10 06:49:59 DEBUG EmployeeServlet:30 = - doGet
2017-50-10 06:50:57 DEBUG LogoutServlet:20 = LogoutServlet - doGet
2017-50-10 06:50:57 INFO  AuthFilter:76 = Authenticating
2017-50-10 06:50:57 INFO  AuthFilter:86 = Forwarding to login
2017-51-10 06:51:00 INFO  AuthFilter:76 = Authenticating
2017-51-10 06:51:00 DEBUG ManagerServlet:31 = - doGet
2017-51-10 06:51:05 DEBUG ManagerServlet:28 = - doGet
2017-51-10 06:51:20 DEBUG ManagerServlet:31 = - doGet
2017-51-10 06:51:24 DEBUG ManagerServlet:28 = - doGet
2017-52-10 06:52:15 DEBUG LoginServlet:78 = LoginServlet - init()
2017-53-10 06:53:46 INFO  AuthFilter:86 = Forwarding to login
2017-53-10 06:53:50 INFO  AuthFilter:76 = Authenticating
2017-53-10 06:53:50 DEBUG ManagerServlet:31 = - doGet
2017-53-10 06:53:55 DEBUG ManagerServlet:28 = - doGet
2017-54-10 06:54:23 DEBUG ManagerServlet:28 = - doGet
2017-54-10 06:54:39 DEBUG ManagerServlet:28 = - doGet
2017-55-10 06:55:56 DEBUG ManagerServlet:28 = - doGet
2017-56-10 06:56:00 DEBUG ManagerServlet:31 = - doGet
2017-57-10 06:57:51 DEBUG ManagerServlet:31 = - doGet
2017-59-10 06:59:42 DEBUG ManagerServlet:31 = - doGet
2017-59-10 06:59:56 DEBUG ManagerServlet:28 = - doGet
2017-00-10 07:00:17 DEBUG ManagerServlet:31 = - doGet
2017-00-10 07:00:25 DEBUG ProfileServlet:28 = ProfileServlet - doGet
2017-01-10 07:01:15 DEBUG ProfileServlet:33 = ProfileServlet - doPost
2017-03-10 07:03:01 DEBUG EmployeeServlet:30 = - doGet
2017-03-10 07:03:08 DEBUG LogoutServlet:20 = LogoutServlet - doGet
2017-03-10 07:03:08 INFO  AuthFilter:76 = Authenticating
2017-03-10 07:03:08 INFO  AuthFilter:86 = Forwarding to login
2017-03-10 07:03:10 INFO  AuthFilter:76 = Authenticating
2017-03-10 07:03:11 DEBUG ManagerServlet:31 = - doGet
2017-03-10 07:03:15 DEBUG ManagerServlet:28 = - doGet
2017-03-10 07:03:33 DEBUG ManagerServlet:31 = - doGet
2017-11-10 07:11:17 DEBUG ProfileServlet:28 = ProfileServlet - doGet
2017-11-10 07:11:23 DEBUG ProfileServlet:33 = ProfileServlet - doPost
2017-11-10 07:11:25 DEBUG ManagerServlet:31 = - doGet
2017-11-10 07:11:31 DEBUG ProfileServlet:28 = ProfileServlet - doGet
2017-11-10 07:11:37 DEBUG ProfileServlet:33 = ProfileServlet - doPost
2017-11-10 07:11:42 DEBUG ManagerServlet:31 = - doGet
2017-11-10 07:11:45 DEBUG LogoutServlet:20 = LogoutServlet - doGet
2017-11-10 07:11:45 INFO  AuthFilter:76 = Authenticating
2017-11-10 07:11:45 INFO  AuthFilter:86 = Forwarding to login
2017-11-10 07:11:51 INFO  AuthFilter:76 = Authenticating
2017-11-10 07:11:51 DEBUG EmployeeServlet:30 = - doGet
2017-11-10 07:11:58 DEBUG ProfileServlet:28 = ProfileServlet - doGet
2017-12-10 07:12:04 DEBUG ProfileServlet:33 = ProfileServlet - doPost
2017-12-10 07:12:06 DEBUG EmployeeServlet:30 = - doGet
2017-12-10 07:12:14 DEBUG ProfileServlet:28 = ProfileServlet - doGet
2017-12-10 07:12:21 DEBUG ProfileServlet:33 = ProfileServlet - doPost
2017-12-10 07:12:25 DEBUG EmployeeServlet:30 = - doGet
2017-12-10 07:12:29 DEBUG NewRequestServlet:36 = - doGet
2017-16-10 07:16:42 DEBUG NewRequestServlet:36 = - doGet
2017-16-10 07:16:50 DEBUG LoginServlet:78 = LoginServlet - init()
2017-16-10 07:16:53 INFO  AuthFilter:86 = Forwarding to login
2017-16-10 07:16:56 INFO  AuthFilter:76 = Authenticating
2017-16-10 07:16:56 DEBUG EmployeeServlet:30 = - doGet
2017-17-10 07:17:13 DEBUG EmployeeServlet:30 = - doGet
2017-17-10 07:17:23 DEBUG NewRequestServlet:36 = - doGet
2017-18-10 07:18:16 DEBUG NewRequestServlet:36 = - doGet
2017-19-10 07:19:49 DEBUG NewRequestServlet:36 = - doGet
2017-20-10 07:20:05 DEBUG NewRequestServlet:36 = - doGet
2017-20-10 07:20:58 DEBUG NewRequestServlet:36 = - doGet
2017-21-10 07:21:18 DEBUG NewRequestServlet:36 = - doGet
2017-32-10 07:32:21 DEBUG EmployeeServlet:30 = - doGet
2017-32-10 07:32:25 DEBUG LogoutServlet:20 = LogoutServlet - doGet
2017-32-10 07:32:25 INFO  AuthFilter:76 = Authenticating
2017-32-10 07:32:25 INFO  AuthFilter:86 = Forwarding to login
2017-32-10 07:32:35 INFO  AuthFilter:76 = Authenticating
2017-32-10 07:32:35 DEBUG EmployeeServlet:30 = - doGet
2017-32-10 07:32:47 DEBUG LogoutServlet:20 = LogoutServlet - doGet
2017-32-10 07:32:47 INFO  AuthFilter:76 = Authenticating
2017-32-10 07:32:47 INFO  AuthFilter:86 = Forwarding to login
2017-32-10 07:32:54 INFO  AuthFilter:76 = Authenticating
2017-32-10 07:32:54 DEBUG ManagerServlet:31 = - doGet
2017-33-10 07:33:09 DEBUG LogoutServlet:20 = LogoutServlet - doGet
2017-33-10 07:33:09 INFO  AuthFilter:76 = Authenticating
2017-33-10 07:33:09 INFO  AuthFilter:86 = Forwarding to login
2017-33-10 07:33:16 INFO  AuthFilter:76 = Authenticating
2017-33-10 07:33:16 DEBUG EmployeeServlet:30 = - doGet
2017-33-10 07:33:21 DEBUG NewRequestServlet:36 = - doGet
2017-34-10 07:34:08 DEBUG NewRequestServlet:41 = - doPost
2017-34-10 07:34:08 DEBUG EmployeeServlet:47 = - doPost
2017-34-10 07:34:23 DEBUG EmployeeServlet:30 = - doGet
2017-34-10 07:34:52 DEBUG LogoutServlet:20 = LogoutServlet - doGet
2017-34-10 07:34:52 INFO  AuthFilter:76 = Authenticating
2017-34-10 07:34:52 INFO  AuthFilter:86 = Forwarding to login
2017-34-10 07:34:59 INFO  AuthFilter:76 = Authenticating
2017-34-10 07:34:59 DEBUG ManagerServlet:31 = - doGet
2017-35-10 07:35:04 DEBUG LogoutServlet:20 = LogoutServlet - doGet
2017-35-10 07:35:04 INFO  AuthFilter:76 = Authenticating
2017-35-10 07:35:04 INFO  AuthFilter:86 = Forwarding to login
2017-35-10 07:35:15 INFO  AuthFilter:76 = Authenticating
2017-35-10 07:35:16 DEBUG EmployeeServlet:30 = - doGet
2017-37-10 07:37:39 DEBUG ProfileServlet:28 = ProfileServlet - doGet
2017-37-10 07:37:42 DEBUG NewRequestServlet:36 = - doGet
2017-38-10 07:38:08 DEBUG NewRequestServlet:41 = - doPost
2017-38-10 07:38:08 DEBUG EmployeeServlet:47 = - doPost
2017-38-10 07:38:22 DEBUG EmployeeServlet:30 = - doGet
2017-38-10 07:38:40 DEBUG NewRequestServlet:36 = - doGet
2017-39-10 07:39:32 DEBUG LoginServlet:78 = LoginServlet - init()
2017-40-10 07:40:03 DEBUG LoginServlet:78 = LoginServlet - init()
2017-40-10 07:40:56 DEBUG LoginServlet:78 = LoginServlet - init()
2017-43-10 07:43:20 DEBUG LoginServlet:73 = LoginServlet - init()
2017-43-10 07:43:41 DEBUG LoginServlet:73 = LoginServlet - init()
2017-43-10 07:43:52 DEBUG LoginServlet:73 = LoginServlet - init()
2017-44-10 07:44:03 DEBUG LoginServlet:73 = LoginServlet - init()
2017-44-10 07:44:14 DEBUG LoginServlet:73 = LoginServlet - init()
2017-44-10 07:44:39 DEBUG LoginServlet:73 = LoginServlet - init()
2017-45-10 07:45:54 INFO  AuthFilter:86 = Forwarding to login
2017-46-10 07:46:16 INFO  AuthFilter:76 = Authenticating
2017-46-10 07:46:17 DEBUG EmployeeServlet:30 = - doGet
2017-47-10 07:47:18 DEBUG LoginServlet:73 = LoginServlet - init()
2017-47-10 07:47:49 DEBUG LoginServlet:73 = LoginServlet - init()
2017-49-10 07:49:07 DEBUG LoginServlet:73 = LoginServlet - init()
2017-49-10 07:49:17 INFO  AuthFilter:86 = Forwarding to login
2017-49-10 07:49:21 INFO  AuthFilter:76 = Authenticating
2017-49-10 07:49:21 DEBUG EmployeeServlet:30 = - doGet
2017-49-10 07:49:39 DEBUG NewRequestServlet:36 = - doGet
2017-50-10 07:50:00 DEBUG NewRequestServlet:41 = - doPost
2017-50-10 07:50:00 INFO  NewRequestServlet:79 = File Uploaded Successfully
2017-50-10 07:50:04 DEBUG EmployeeServlet:30 = - doGet
2017-50-10 07:50:08 DEBUG NewRequestServlet:36 = - doGet
2017-50-10 07:50:40 DEBUG NewRequestServlet:41 = - doPost
2017-50-10 07:50:40 INFO  NewRequestServlet:79 = File Uploaded Successfully
2017-50-10 07:50:43 DEBUG EmployeeServlet:30 = - doGet
2017-51-10 07:51:21 DEBUG LogoutServlet:20 = LogoutServlet - doGet
2017-51-10 07:51:22 INFO  AuthFilter:76 = Authenticating
2017-51-10 07:51:22 INFO  AuthFilter:86 = Forwarding to login
2017-51-10 07:51:28 INFO  AuthFilter:76 = Authenticating
2017-51-10 07:51:29 DEBUG ManagerServlet:31 = - doGet
2017-53-10 07:53:36 DEBUG ManagerServlet:31 = - doGet
2017-53-10 07:53:40 DEBUG LoginServlet:73 = LoginServlet - init()
2017-54-10 07:54:57 DEBUG ManagerServlet:47 = - doPost
2017-55-10 07:55:55 INFO  AuthFilter:86 = Forwarding to login
2017-55-10 07:55:59 INFO  AuthFilter:76 = Authenticating
2017-55-10 07:55:59 DEBUG ManagerServlet:31 = - doGet
2017-56-10 07:56:04 DEBUG ManagerServlet:47 = - doPost
2017-56-10 07:56:09 DEBUG ManagerServlet:47 = - doPost
2017-56-10 07:56:33 DEBUG ManagerServlet:31 = - doGet
2017-56-10 07:56:40 DEBUG ManagerServlet:47 = - doPost
2017-38-10 08:38:28 DEBUG LoginServlet:73 = LoginServlet - init()
2017-39-10 08:39:44 INFO  AuthFilter:86 = Forwarding to login
2017-40-10 08:40:13 INFO  AuthFilter:76 = Authenticating
2017-40-10 08:40:13 DEBUG ManagerServlet:31 = - doGet
2017-40-10 08:40:46 DEBUG ManagerServlet:47 = - doPost
2017-40-10 08:40:56 DEBUG ManagerServlet:31 = - doGet
2017-41-10 08:41:15 DEBUG ManagerServlet:47 = - doPost
2017-41-10 08:41:27 DEBUG ManagerServlet:31 = - doGet
2017-41-10 08:41:39 DEBUG ManagerServlet:28 = - doGet
2017-41-10 08:41:52 DEBUG LogoutServlet:20 = LogoutServlet - doGet
2017-41-10 08:41:52 INFO  AuthFilter:76 = Authenticating
2017-41-10 08:41:52 INFO  AuthFilter:86 = Forwarding to login
2017-41-10 08:41:59 INFO  AuthFilter:76 = Authenticating
2017-41-10 08:41:59 DEBUG EmployeeServlet:30 = - doGet
2017-42-10 08:42:03 DEBUG LogoutServlet:20 = LogoutServlet - doGet
2017-42-10 08:42:03 INFO  AuthFilter:76 = Authenticating
2017-42-10 08:42:03 INFO  AuthFilter:86 = Forwarding to login
2017-42-10 08:42:12 INFO  AuthFilter:76 = Authenticating
2017-42-10 08:42:12 DEBUG EmployeeServlet:30 = - doGet
2017-42-10 08:42:16 DEBUG LogoutServlet:20 = LogoutServlet - doGet
2017-42-10 08:42:16 INFO  AuthFilter:76 = Authenticating
2017-42-10 08:42:16 INFO  AuthFilter:86 = Forwarding to login
2017-42-10 08:42:21 INFO  AuthFilter:76 = Authenticating
2017-42-10 08:42:21 INFO  AuthFilter:86 = Forwarding to login
2017-42-10 08:42:23 INFO  AuthFilter:76 = Authenticating
2017-42-10 08:42:23 DEBUG EmployeeServlet:30 = - doGet
2017-42-10 08:42:26 DEBUG LogoutServlet:20 = LogoutServlet - doGet
2017-42-10 08:42:26 INFO  AuthFilter:76 = Authenticating
2017-42-10 08:42:26 INFO  AuthFilter:86 = Forwarding to login
2017-42-10 08:42:32 INFO  AuthFilter:76 = Authenticating
2017-42-10 08:42:32 DEBUG EmployeeServlet:30 = - doGet
2017-42-10 08:42:38 DEBUG ProfileServlet:28 = ProfileServlet - doGet
2017-42-10 08:42:44 DEBUG LogoutServlet:20 = LogoutServlet - doGet
2017-42-10 08:42:44 INFO  AuthFilter:76 = Authenticating
2017-42-10 08:42:44 INFO  AuthFilter:86 = Forwarding to login
2017-42-10 08:42:56 INFO  AuthFilter:76 = Authenticating
2017-42-10 08:42:56 DEBUG ManagerServlet:31 = - doGet
2017-43-10 08:43:29 DEBUG ManagerServlet:31 = - doGet
2017-47-10 08:47:28 DEBUG LoginServlet:73 = LoginServlet - init()
2017-48-10 08:48:28 ERROR LoginServlet:57 = Unable to retrieve user from db.
2017-50-10 08:50:26 ERROR LoginServlet:57 = Unable to retrieve user from db.
2017-51-10 08:51:28 DEBUG LoginServlet:73 = LoginServlet - init()
2017-54-10 08:54:48 ERROR LoginServlet:57 = Unable to retrieve user from db.
2017-57-10 08:57:26 DEBUG LoginServlet:73 = LoginServlet - init()
2017-58-10 08:58:09 DEBUG LoginServlet:73 = LoginServlet - init()
2017-20-10 09:20:34 DEBUG LoginServlet:73 = LoginServlet - init()
2017-20-10 09:20:38 INFO  AuthFilter:86 = Forwarding to login
2017-20-10 09:20:42 INFO  AuthFilter:76 = Authenticating
2017-20-10 09:20:43 DEBUG ManagerServlet:31 = - doGet
2017-21-10 09:21:52 DEBUG LoginServlet:73 = LoginServlet - init()
2017-22-10 09:22:01 INFO  AuthFilter:86 = Forwarding to login
2017-22-10 09:22:05 INFO  AuthFilter:76 = Authenticating
2017-22-10 09:22:06 DEBUG ManagerServlet:31 = - doGet
2017-23-10 09:23:24 DEBUG LoginServlet:73 = LoginServlet - init()
2017-23-10 09:23:37 INFO  AuthFilter:86 = Forwarding to login
2017-23-10 09:23:41 INFO  AuthFilter:76 = Authenticating
2017-23-10 09:23:41 DEBUG ManagerServlet:31 = - doGet
2017-29-10 09:29:50 DEBUG LoginServlet:73 = LoginServlet - init()
2017-30-10 09:30:27 DEBUG LoginServlet:73 = LoginServlet - init()
2017-30-10 09:30:32 INFO  AuthFilter:86 = Forwarding to login
2017-30-10 09:30:35 INFO  AuthFilter:76 = Authenticating
2017-30-10 09:30:35 DEBUG ManagerServlet:31 = - doGet
2017-30-10 09:30:48 DEBUG ManagerServlet:47 = - doPost
2017-31-10 09:31:13 DEBUG ManagerServlet:31 = - doGet
2017-33-10 09:33:18 DEBUG LoginServlet:73 = LoginServlet - init()
2017-33-10 09:33:22 INFO  AuthFilter:86 = Forwarding to login
2017-33-10 09:33:25 INFO  AuthFilter:76 = Authenticating
2017-33-10 09:33:26 DEBUG ManagerServlet:31 = - doGet
2017-33-10 09:33:58 DEBUG ProfileServlet:28 = ProfileServlet - doGet
2017-34-10 09:34:03 DEBUG ManagerServlet:28 = - doGet
2017-34-10 09:34:29 DEBUG ManagerServlet:28 = - doGet
2017-34-10 09:34:48 DEBUG ManagerServlet:31 = - doGet
2017-36-10 09:36:49 DEBUG LoginServlet:73 = LoginServlet - init()
2017-37-10 09:37:33 INFO  AuthFilter:86 = Forwarding to login
2017-37-10 09:37:38 INFO  AuthFilter:76 = Authenticating
2017-37-10 09:37:38 DEBUG ManagerServlet:31 = - doGet
2017-37-10 09:37:42 DEBUG LogoutServlet:20 = LogoutServlet - doGet
2017-37-10 09:37:42 INFO  AuthFilter:76 = Authenticating
2017-37-10 09:37:42 INFO  AuthFilter:86 = Forwarding to login
2017-37-10 09:37:49 INFO  AuthFilter:76 = Authenticating
2017-37-10 09:37:50 DEBUG EmployeeServlet:30 = - doGet
2017-37-10 09:37:57 DEBUG ProfileServlet:28 = ProfileServlet - doGet
2017-38-10 09:38:07 DEBUG ProfileServlet:33 = ProfileServlet - doPost
2017-38-10 09:38:11 DEBUG EmployeeServlet:30 = - doGet
2017-38-10 09:38:14 DEBUG ProfileServlet:28 = ProfileServlet - doGet
2017-38-10 09:38:17 DEBUG NewRequestServlet:36 = - doGet
2017-39-10 09:39:23 DEBUG NewRequestServlet:41 = - doPost
2017-39-10 09:39:23 INFO  NewRequestServlet:79 = File Uploaded Successfully
2017-39-10 09:39:26 DEBUG EmployeeServlet:30 = - doGet
2017-39-10 09:39:35 DEBUG LogoutServlet:20 = LogoutServlet - doGet
2017-39-10 09:39:35 INFO  AuthFilter:76 = Authenticating
2017-39-10 09:39:35 INFO  AuthFilter:86 = Forwarding to login
2017-39-10 09:39:46 INFO  AuthFilter:76 = Authenticating
2017-39-10 09:39:46 DEBUG ManagerServlet:31 = - doGet
2017-40-10 09:40:22 DEBUG ManagerServlet:47 = - doPost
2017-40-10 09:40:32 DEBUG ManagerServlet:31 = - doGet
2017-40-10 09:40:38 DEBUG ManagerServlet:47 = - doPost
2017-40-10 09:40:44 DEBUG ManagerServlet:31 = - doGet
2017-40-10 09:40:54 DEBUG ManagerServlet:28 = - doGet
2017-41-10 09:41:30 DEBUG ManagerServlet:28 = - doGet
2017-41-10 09:41:39 DEBUG ProfileServlet:28 = ProfileServlet - doGet
2017-41-10 09:41:43 DEBUG LogoutServlet:20 = LogoutServlet - doGet
2017-41-10 09:41:43 INFO  AuthFilter:76 = Authenticating
2017-41-10 09:41:43 INFO  AuthFilter:86 = Forwarding to login
2017-42-10 09:42:02 INFO  AuthFilter:76 = Authenticating
2017-42-10 09:42:02 DEBUG ManagerServlet:31 = - doGet
2017-44-10 09:44:16 DEBUG ManagerServlet:31 = - doGet
2017-45-10 09:45:39 DEBUG ManagerServlet:31 = - doGet
2017-45-10 09:45:43 DEBUG ManagerServlet:28 = - doGet
2017-46-10 09:46:07 DEBUG LogoutServlet:20 = LogoutServlet - doGet
2017-46-10 09:46:07 INFO  AuthFilter:76 = Authenticating
2017-46-10 09:46:07 INFO  AuthFilter:86 = Forwarding to login
2017-46-10 09:46:16 INFO  AuthFilter:76 = Authenticating
2017-46-10 09:46:16 DEBUG EmployeeServlet:30 = - doGet
2017-51-10 09:51:39 DEBUG LogoutServlet:20 = LogoutServlet - doGet
2017-51-10 09:51:40 INFO  AuthFilter:76 = Authenticating
2017-51-10 09:51:40 INFO  AuthFilter:86 = Forwarding to login
2017-51-10 09:51:49 INFO  AuthFilter:76 = Authenticating
2017-51-10 09:51:50 DEBUG ManagerServlet:31 = - doGet
2017-57-10 09:57:10 DEBUG LogoutServlet:20 = LogoutServlet - doGet
2017-57-10 09:57:10 INFO  AuthFilter:76 = Authenticating
2017-57-10 09:57:10 INFO  AuthFilter:86 = Forwarding to login
2017-57-10 09:57:16 INFO  AuthFilter:76 = Authenticating
2017-57-10 09:57:16 DEBUG EmployeeServlet:30 = - doGet
2017-59-10 09:59:00 DEBUG EmployeeServlet:30 = - doGet
2017-02-10 10:02:18 DEBUG EmployeeServlet:30 = - doGet
2017-02-10 10:02:35 DEBUG LoginServlet:73 = LoginServlet - init()
2017-02-10 10:02:39 INFO  AuthFilter:86 = Forwarding to login
2017-02-10 10:02:43 INFO  AuthFilter:76 = Authenticating
2017-02-10 10:02:43 DEBUG EmployeeServlet:30 = - doGet
2017-04-10 10:04:52 DEBUG EmployeeServlet:30 = - doGet
2017-05-10 10:05:23 DEBUG EmployeeServlet:30 = - doGet
2017-05-10 10:05:37 DEBUG LoginServlet:73 = LoginServlet - init()
2017-05-10 10:05:43 INFO  AuthFilter:86 = Forwarding to login
2017-05-10 10:05:47 INFO  AuthFilter:76 = Authenticating
2017-05-10 10:05:47 DEBUG EmployeeServlet:30 = - doGet
2017-10-10 10:10:47 DEBUG EmployeeServlet:30 = - doGet
2017-10-10 10:10:50 DEBUG LogoutServlet:20 = LogoutServlet - doGet
2017-10-10 10:10:51 INFO  AuthFilter:76 = Authenticating
2017-10-10 10:10:51 INFO  AuthFilter:86 = Forwarding to login
2017-11-10 10:11:00 INFO  AuthFilter:76 = Authenticating
2017-11-10 10:11:01 DEBUG ManagerServlet:31 = - doGet
2017-16-10 10:16:31 DEBUG ManagerServlet:31 = - doGet
2017-19-10 10:19:43 DEBUG ManagerServlet:31 = - doGet
2017-20-10 10:20:37 DEBUG ManagerServlet:31 = - doGet
2017-21-10 10:21:17 DEBUG LogoutServlet:20 = LogoutServlet - doGet
2017-21-10 10:21:17 INFO  AuthFilter:76 = Authenticating
2017-21-10 10:21:17 INFO  AuthFilter:86 = Forwarding to login
2017-21-10 10:21:23 INFO  AuthFilter:76 = Authenticating
2017-21-10 10:21:23 DEBUG EmployeeServlet:30 = - doGet
2017-23-10 10:23:38 DEBUG EmployeeServlet:30 = - doGet
2017-23-10 10:23:42 DEBUG LogoutServlet:20 = LogoutServlet - doGet
2017-23-10 10:23:43 INFO  AuthFilter:76 = Authenticating
2017-23-10 10:23:43 INFO  AuthFilter:86 = Forwarding to login
2017-23-10 10:23:50 INFO  AuthFilter:76 = Authenticating
2017-23-10 10:23:50 DEBUG ManagerServlet:31 = - doGet
2017-24-10 10:24:05 DEBUG ManagerServlet:47 = - doPost
2017-24-10 10:24:08 DEBUG ManagerServlet:31 = - doGet
2017-24-10 10:24:16 DEBUG LogoutServlet:20 = LogoutServlet - doGet
2017-24-10 10:24:16 INFO  AuthFilter:76 = Authenticating
2017-24-10 10:24:16 INFO  AuthFilter:86 = Forwarding to login
2017-25-10 10:25:14 INFO  AuthFilter:76 = Authenticating
2017-25-10 10:25:14 DEBUG EmployeeServlet:30 = - doGet
2017-25-10 10:25:32 DEBUG ProfileServlet:28 = ProfileServlet - doGet
2017-25-10 10:25:54 DEBUG ProfileServlet:33 = ProfileServlet - doPost
2017-25-10 10:25:58 DEBUG EmployeeServlet:30 = - doGet
2017-26-10 10:26:01 DEBUG ProfileServlet:28 = ProfileServlet - doGet
2017-26-10 10:26:09 DEBUG EmployeeServlet:30 = - doGet
2017-26-10 10:26:17 DEBUG NewRequestServlet:36 = - doGet
2017-26-10 10:26:29 DEBUG LogoutServlet:20 = LogoutServlet - doGet
2017-26-10 10:26:29 INFO  AuthFilter:76 = Authenticating
2017-26-10 10:26:29 INFO  AuthFilter:86 = Forwarding to login
2017-26-10 10:26:36 INFO  AuthFilter:76 = Authenticating
2017-26-10 10:26:36 DEBUG EmployeeServlet:30 = - doGet
2017-26-10 10:26:55 DEBUG NewRequestServlet:36 = - doGet
2017-27-10 10:27:20 DEBUG NewRequestServlet:41 = - doPost
2017-27-10 10:27:20 INFO  NewRequestServlet:79 = File Uploaded Successfully
2017-27-10 10:27:23 DEBUG EmployeeServlet:30 = - doGet
2017-27-10 10:27:51 DEBUG LogoutServlet:20 = LogoutServlet - doGet
2017-27-10 10:27:51 INFO  AuthFilter:76 = Authenticating
2017-27-10 10:27:51 INFO  AuthFilter:86 = Forwarding to login
2017-28-10 10:28:02 INFO  AuthFilter:76 = Authenticating
2017-28-10 10:28:02 DEBUG ManagerServlet:31 = - doGet
2017-28-10 10:28:22 DEBUG ManagerServlet:47 = - doPost
2017-28-10 10:28:25 DEBUG ManagerServlet:31 = - doGet
2017-28-10 10:28:50 DEBUG LogoutServlet:20 = LogoutServlet - doGet
2017-28-10 10:28:50 INFO  AuthFilter:76 = Authenticating
2017-28-10 10:28:50 INFO  AuthFilter:86 = Forwarding to login
2017-28-10 10:28:57 INFO  AuthFilter:76 = Authenticating
2017-28-10 10:28:57 DEBUG ManagerServlet:31 = - doGet
2017-29-10 10:29:01 DEBUG ManagerServlet:47 = - doPost
2017-29-10 10:29:03 DEBUG ManagerServlet:31 = - doGet
2017-29-10 10:29:16 DEBUG ManagerServlet:28 = - doGet
2017-29-10 10:29:37 DEBUG ManagerServlet:31 = - doGet
2017-57-10 10:57:43 DEBUG LogoutServlet:20 = LogoutServlet - doGet
2017-57-10 10:57:43 INFO  AuthFilter:76 = Authenticating
2017-57-10 10:57:43 INFO  AuthFilter:86 = Forwarding to login
2017-57-10 10:57:50 INFO  AuthFilter:76 = Authenticating
2017-57-10 10:57:50 DEBUG EmployeeServlet:30 = - doGet
2017-07-10 11:07:01 DEBUG LogoutServlet:20 = LogoutServlet - doGet
2017-07-10 11:07:01 INFO  AuthFilter:76 = Authenticating
2017-07-10 11:07:01 INFO  AuthFilter:86 = Forwarding to login
2017-07-10 11:07:09 INFO  AuthFilter:76 = Authenticating
2017-07-10 11:07:09 DEBUG ManagerServlet:31 = - doGet
2017-13-10 11:13:03 DEBUG ManagerServlet:31 = - doGet
2017-13-10 11:13:20 DEBUG ManagerServlet:31 = - doGet
2017-45-10 11:45:08 DEBUG LoginServlet:73 = LoginServlet - init()
